This is XeTeX, Version 3.14159265-2.6-0.99992 (TeX Live 2015) (preloaded format=xelatex 2015.11.16)  7 JAN 2021 12:40
entering extended mode
 restricted \write18 enabled.
 %&-line parsing enabled.
**binduyoga-edition.tex
(./binduyoga-edition.tex
LaTeX2e <2015/10/01> patch level 2
Babel <3.9m> and hyphenation patterns for 79 languages loaded.
(/usr/local/texlive/2015/texmf-dist/tex/latex/memoir/memoir.cls
Document Class: memoir 2015/07/08 v3.7e configurable book, report, article docu
ment class
\onelineskip=\skip41
\lxvchars=\skip42
\xlvchars=\skip43
\@memcnta=\count79
\c@@memmarkcntra=\count80
(/usr/local/texlive/2015/texmf-dist/tex/generic/oberdiek/ifpdf.sty
Package: ifpdf 2011/01/30 v2.3 Provides the ifpdf switch (HO)
Package ifpdf Info: pdfTeX in PDF mode is not detected.
)
(/usr/local/texlive/2015/texmf-dist/tex/latex/ifetex/ifetex.sty
Package: ifetex 2011/12/15 v1.2 ifetex

(/usr/local/texlive/2015/texmf-dist/tex/plain/ifetex/ifetex.tex))
(/usr/local/texlive/2015/texmf-dist/tex/generic/ifxetex/ifxetex.sty
Package: ifxetex 2010/09/12 v0.6 Provides ifxetex conditional
)
(/usr/local/texlive/2015/texmf-dist/tex/generic/oberdiek/ifluatex.sty
Package: ifluatex 2010/03/01 v1.3 Provides the ifluatex switch (HO)
Package ifluatex Info: LuaTeX not detected.
)
\stockheight=\skip44
\stockwidth=\skip45
\trimtop=\skip46
\trimedge=\skip47

(/usr/local/texlive/2015/texmf-dist/tex/latex/memoir/mem11.clo
File: mem11.clo 2008/01/30 v0.3 memoir class 11pt size option
)
\binding=\skip48
\spinemargin=\skip49
\foremargin=\skip50
\uppermargin=\skip51
\lowermargin=\skip52
\headdrop=\skip53
\normalrulethickness=\skip54
\mem@maxheadheight=\skip55
\mem@maxfootheight=\skip56
\headwidth=\skip57
\c@storedpagenumber=\count81
\memPD=\dimen102
\m@mabparskip=\skip58
\thanksmarkwidth=\skip59
\thanksmarksep=\skip60
\droptitle=\skip61
\c@book=\count82
\c@part=\count83
\c@chapter=\count84
\c@section=\count85
\c@subsection=\count86
\c@subsubsection=\count87
\c@paragraph=\count88
\c@subparagraph=\count89
\beforechapskip=\skip62
\midchapskip=\skip63
\afterchapskip=\skip64
\chapindent=\skip65
\bottomsectionskip=\skip66
\secindent=\skip67
\beforesecskip=\skip68
\aftersecskip=\skip69
\subsecindent=\skip70
\beforesubsecskip=\skip71
\aftersubsecskip=\skip72
\subsubsecindent=\skip73
\beforesubsubsecskip=\skip74
\aftersubsubsecskip=\skip75
\paraindent=\skip76
\beforeparaskip=\skip77
\afterparaskip=\skip78
\subparaindent=\skip79
\beforesubparaskip=\skip80
\aftersubparaskip=\skip81
\pfbreakskip=\skip82
\c@@ppsavesec=\count90
\c@@ppsaveapp=\count91
\ragrparindent=\dimen103
\everylistparindent=\dimen104
\parsepi=\skip83
\topsepi=\skip84
\itemsepi=\skip85
\parsepii=\skip86
\topsepii=\skip87
\topsepiii=\skip88
\itemsepii=\skip89
\itemsepiii=\skip90
\partopsepii=\skip91
\partopsepiii=\skip92
\m@msavetopsep=\skip93
\m@msavepartopsep=\skip94
\@enLab=\toks14
\abstitleskip=\skip95
\absleftindent=\skip96
\abs@leftindent=\dimen105
\absrightindent=\skip97
\absparindent=\skip98
\absparsep=\skip99
\c@vslineno=\count92
\c@poemline=\count93
\c@modulo@vs=\count94
\c@memfvsline=\count95
\vleftskip=\skip100
\vrightskip=\skip101
\stanzaskip=\skip102
\versewidth=\skip103
\vgap=\skip104
\vindent=\skip105
\vleftmargin=\dimen106
\c@verse=\count96
\c@chrsinstr=\count97
\beforepoemtitleskip=\skip106
\afterpoemtitleskip=\skip107
\c@poem=\count98
\beforePoemTitleskip=\skip108
\midPoemTitleskip=\skip109
\afterPoemTitleskip=\skip110
\col@sep=\dimen107
\extrarowheight=\dimen108
\NC@list=\toks15
\extratabsurround=\skip111
\backup@length=\skip112
\TX@col@width=\dimen109
\TX@old@table=\dimen110
\TX@old@col=\dimen111
\TX@target=\dimen112
\TX@delta=\dimen113
\TX@cols=\count99
\TX@ftn=\toks16
\heavyrulewidth=\dimen114
\lightrulewidth=\dimen115
\cmidrulewidth=\dimen116
\belowrulesep=\dimen117
\belowbottomsep=\dimen118
\aboverulesep=\dimen119
\abovetopsep=\dimen120
\cmidrulesep=\dimen121
\cmidrulekern=\dimen122
\defaultaddspace=\dimen123
\@cmidla=\count100
\@cmidlb=\count101
\@aboverulesep=\dimen124
\@belowrulesep=\dimen125
\@thisruleclass=\count102
\@lastruleclass=\count103
\@thisrulewidth=\dimen126
\ctableftskip=\skip113
\ctabrightskip=\skip114
\abovecolumnspenalty=\count104
\@linestogo=\count105
\@cellstogo=\count106
\@cellsincolumn=\count107
\crtok=\toks17
\@mincolumnwidth=\dimen127
\c@newflo@tctr=\count108
\mem@margin@floatbox=\box26
\@contcwidth=\skip115
\@contindw=\skip116
\abovecaptionskip=\skip117
\belowcaptionskip=\skip118
\subfloattopskip=\skip119
\subfloatcapskip=\skip120
\subfloatcaptopadj=\skip121
\subfloatbottomskip=\skip122
\subfloatlabelskip=\skip123
\subfloatcapmargin=\dimen128
\c@@contsubnum=\count109
\m@mscap@capbox=\box27
\m@mscap@fbox=\box28
\sidecapsep=\dimen129
\sidecapwidth=\dimen130
\m@m@tempdima=\dimen131
\m@mscapraise=\dimen132
\sidecapraise=\dimen133
\m@mscapmainwidth=\dimen134
\m@mscaplkern=\dimen135
\beforeepigraphskip=\skip124
\afterepigraphskip=\skip125
\epigraphwidth=\skip126
\epigraphrule=\skip127
LaTeX Info: Redefining \em on input line 7535.
LaTeX Info: Redefining \emph on input line 7543.
\tocentryskip=\skip128
\tocbaseline=\skip129
\cftparskip=\skip130
\cftbeforebookskip=\skip131
\cftbookindent=\dimen136
\cftbooknumwidth=\dimen137
\cftbeforepartskip=\skip132
\cftpartindent=\skip133
\cftpartnumwidth=\skip134
\cftbeforechapterskip=\skip135
\cftchapterindent=\skip136
\cftchapternumwidth=\skip137
\cftbeforesectionskip=\skip138
\cftsectionindent=\skip139
\cftsectionnumwidth=\skip140
\cftbeforesubsectionskip=\skip141
\cftsubsectionindent=\skip142
\cftsubsectionnumwidth=\skip143
\cftbeforesubsubsectionskip=\skip144
\cftsubsubsectionindent=\skip145
\cftsubsubsectionnumwidth=\skip146
\cftbeforeparagraphskip=\skip147
\cftparagraphindent=\skip148
\cftparagraphnumwidth=\skip149
\cftbeforesubparagraphskip=\skip150
\cftsubparagraphindent=\skip151
\cftsubparagraphnumwidth=\skip152
\prechapterprecisshift=\dimen138
\c@maxsecnumdepth=\count110
\bibindent=\dimen139
\bibitemsep=\skip153
\indexcolsep=\skip154
\indexrule=\skip155
\indexmarkstyle=\toks18
\@indexbox=\insert199
\glossarycolsep=\dimen140
\glossaryrule=\dimen141
\sideparvshift=\skip156
\sideins=\insert198
\sidebartopsep=\skip157
\sidebarhsep=\skip158
\sidebarvsep=\skip159
\sidebarwidth=\skip160
\footmarkwidth=\skip161
\footmarksep=\skip162
\footparindent=\skip163
\footinsdim=\skip164
\footinsv@r=\insert197
\@mpfootinsv@r=\insert196
\m@m@k=\count111
\m@m@h=\dimen142
\m@mipn@skip=\skip165
\sidefootins=\insert195
\sidefootadjust=\skip166
\sidefootheight=\skip167
\sidefoothsep=\skip168
\sidefootvsep=\skip169
\sidefootwidth=\skip170
\m@mdownsf=\skip171
\c@sidefootnote=\count112
\sidefootmarkwidth=\skip172
\sidefootmarksep=\skip173
\sidefootparindent=\skip174
\c@pagenote=\count113
\c@pagenoteshadow=\count114
\mem@pn@lastkern=\skip175
\every@verbatim=\toks19
\afterevery@verbatim=\toks20
\verbatim@line=\toks21
\tab@position=\count115
\verbatim@in@stream=\read1
\verbatimindent=\skip176
\verbatim@out=\write3
\bvboxsep=\skip177
\c@memfbvline=\count116
\c@bvlinectr=\count117
\bvnumlength=\skip178
\fb@frw=\dimen143
\fb@frh=\dimen144
\FrameRule=\dimen145
\FrameSep=\dimen146
\c@cp@cntr=\count118
LaTeX Info: Redefining \: on input line 12052.
LaTeX Info: Redefining \! on input line 12054.
\c@ism@mctr=\count119
\c@xsm@mctr=\count120
\c@csm@mctr=\count121
\c@ksm@mctr=\count122
\c@xksm@mctr=\count123
\c@cksm@mctr=\count124
\c@msm@mctr=\count125
\c@xmsm@mctr=\count126
\c@cmsm@mctr=\count127
\c@bsm@mctr=\count128
\c@workm@mctr=\count129
\c@sheetsequence=\count130
\c@lastsheet=\count131
\c@lastpage=\count132
\c@figure=\count133
\c@lofdepth=\count134
\cftbeforefigureskip=\skip179
\cftfigureindent=\skip180
\cftfigurenumwidth=\skip181
\c@table=\count135
\c@lotdepth=\count136
\cftbeforetableskip=\skip182
\cfttableindent=\skip183
\cfttablenumwidth=\skip184
Package abstract [2008/07/23] emulated by memoir.
Package appendix [2008/07/23] emulated by memoir.
Package array [2008/09/09] emulated by memoir.
Package booktabs [2008/07/23] emulated by memoir.
Package ccaption [2008/07/23] emulated by memoir.
Package changepage [2008/07/23] emulated by memoir.
Package chngcntr [2008/07/23] emulated by memoir.
Package chngpage [2008/07/23] emulated by memoir.
Package crop emulated by memoir.
Package dcolumn [2008/07/23] emulated by memoir.
Package delarray [2008/07/23] emulated by memoir.
Package enumerate [2008/07/23] emulated by memoir.
Package epigraph [2008/07/23] emulated by memoir.
Package ifmtarg [2008/07/23] emulated by memoir.
Package index [2008/07/23] emulated by memoir.
Package makeidx [2008/07/23] emulated by memoir.
Package moreverb [2008/07/23] emulated by memoir.
Package mparhack [2008/07/23] emulated by memoir.
Package needspace [2008/07/23] emulated by memoir.
Package newfile [2008/07/23] emulated by memoir.
Package nextpage [2008/07/23] emulated by memoir.
Package pagenote [2008/07/23] emulated by memoir.
Package parskip [2008/07/23] emulated by memoir.
Package patchcmd [2008/07/23] emulated by memoir.
Package setspace [2008/07/23] emulated by memoir.
Package shortvrb [2008/07/23] emulated by memoir.
Package showidx [2008/07/23] emulated by memoir.
Package tabularx [2008/07/23] emulated by memoir.
Package titleref [2008/07/23] emulated by memoir.
Package titling [2008/07/23] emulated by memoir.
Package tocbibind [2008/07/23] emulated by memoir.
Package tocloft [2008/07/23] emulated by memoir.
Package tocvsec2 [2008/07/23] emulated by memoir.
Package verbatim [2008/07/23] emulated by memoir.
Package verse [2008/07/23] emulated by memoir.

(/usr/local/texlive/2015/texmf-dist/tex/latex/memoir/mempatch.sty
Package: mempatch 2009/07/24 v6.0f Patches for memoir class v1.6180339
))

******************************************************
Stock height and width: 625.96062pt by 441.01772pt
Top and edge trims: 0pt and 0pt
Page height and width: 625.96062pt by 441.01772pt
Text height and width: 473.4002pt by 330pt
Spine and edge margins: 51.21495pt and 59.75081pt
Upper and lower margins: 64.682pt and 87.8784pt
Headheight and headsep: 5pt and 19.8738pt
Footskip: 27.46295pt
Columnsep and columnseprule: 10pt and 0pt
Marginparsep and marginparwidth: 7pt and 45.75081pt
Sidecapsep and sidecapwidth: 7pt and 111pt
Sidebarhsep and sidebarwidth: 7pt and 111pt
Sidebarvsep and sidebartopsep: 13.6pt and 0pt
Sidebarheight: 539.9202pt
Sidefoothsep and sidefootwidth: 7pt and 111pt
Sidefootvsep and sidefootheight: 13.6pt and 539.9202pt
******************************************************

(/usr/local/texlive/2015/texmf-dist/tex/latex/reledmac/reledmac.sty
Package: reledmac 2015/11/13 v2.5.0 typeset critical edition

(/usr/local/texlive/2015/texmf-dist/tex/latex/xkeyval/xkeyval.sty
Package: xkeyval 2014/12/03 v2.7a package option processing (HA)

(/usr/local/texlive/2015/texmf-dist/tex/generic/xkeyval/xkeyval.tex
(/usr/local/texlive/2015/texmf-dist/tex/generic/xkeyval/xkvutils.tex
\XKV@toks=\toks22
\XKV@tempa@toks=\toks23

(/usr/local/texlive/2015/texmf-dist/tex/generic/xkeyval/keyval.tex))
\XKV@depth=\count137
File: xkeyval.tex 2014/12/03 v2.7a key=value parser (HA)
))
(/usr/local/texlive/2015/texmf-dist/tex/latex/xargs/xargs.sty
Package: xargs 2008/03/22 v1.1  extended macro definitions  (mpg)
\xargs@max=\count138
\xargs@toksa=\toks24
\xargs@toksb=\toks25
)
(/usr/local/texlive/2015/texmf-dist/tex/latex/etoolbox/etoolbox.sty
Package: etoolbox 2015/08/02 v2.2a e-TeX tools for LaTeX (JAW)
\etb@tempcnta=\count139
)
(/usr/local/texlive/2015/texmf-dist/tex/latex/bigfoot/suffix.sty
Package: suffix 2006/07/15 1.5a Variant command support
)
(/usr/local/texlive/2015/texmf-dist/tex/generic/xstring/xstring.sty
(/usr/local/texlive/2015/texmf-dist/tex/generic/xstring/xstring.tex
\@xs@message=\write4
\integerpart=\count140
\decimalpart=\count141
)
Package: xstring 2013/10/13  v1.7c  String manipulations (C Tellechea)
)
(/usr/local/texlive/2015/texmf-dist/tex/latex/ms/ragged2e.sty
Package: ragged2e 2009/05/21 v2.1 ragged2e Package (MS)

(/usr/local/texlive/2015/texmf-dist/tex/latex/ms/everysel.sty
Package: everysel 2011/10/28 v1.2 EverySelectfont Package (MS)
)
\CenteringLeftskip=\skip185
\RaggedLeftLeftskip=\skip186
\RaggedRightLeftskip=\skip187
\CenteringRightskip=\skip188
\RaggedLeftRightskip=\skip189
\RaggedRightRightskip=\skip190
\CenteringParfillskip=\skip191
\RaggedLeftParfillskip=\skip192
\RaggedRightParfillskip=\skip193
\JustifyingParfillskip=\skip194
\CenteringParindent=\skip256
\RaggedLeftParindent=\skip257
\RaggedRightParindent=\skip258
\JustifyingParindent=\skip259
)
\@l@dtempcnta=\count142
\@l@dtempcntb=\count143
\l@dnumpstartsL=\count144
\section@num=\count145
\led@toksa=\toks26
\led@toksb=\toks27
\line@margin=\count146
\c@firstlinenum=\count147
\c@linenumincrement=\count148
\c@firstsublinenum=\count149
\c@sublinenumincrement=\count150
\lock@disp=\count151
\sublock@disp=\count152
\linenumsep=\skip260
\line@num=\count153
\subline@num=\count154
\absline@num=\count155
\@lock=\count156
\sub@lock=\count157
\page@num=\count158
\endpage@num=\count159
\endline@num=\count160
\endsubline@num=\count161
\@inputcheck=\read2
\last@page@num=\count162
\insert@count=\count163
\linenum@out=\write5
\@edtext@level=\count164
\raw@text=\box29
\num@lines=\count165
\one@line=\box30
\par@line=\count166
\c@pstart=\count167
\ballast@count=\count168
\c@ballast=\count169
\@k=\count170
\@h=\dimen147
\old@hsize=\dimen148
\Afootins=\insert252
\Bfootins=\insert251
\c@line=\count171
\c@subline=\count172
\sidenote@margin=\count173
\l@dlp@rbox=\box31
\l@drp@rbox=\box32
\ledlsnotewidth=\dimen149
\ledrsnotewidth=\dimen150
\ledlsnotesep=\dimen151
\ledrsnotesep=\dimen152
\c@labidx=\count174
\stanza@count=\count175
\stanzaindentbase=\skip261
\c@stanzaindentsrepetition=\count176
\stanza@modulo=\count177
\c@stanza=\count178
\@emptytoks=\toks28
\l@denvbody=\toks29
\l@dampcount=\count179
\l@dcolcount=\count180
\hilfsbox=\box33
\hilfsskip=\skip262
\Hilfsbox=\box34
\hilfscount=\count181
\dcoli=\dimen153
\dcolii=\dimen154
\dcoliii=\dimen155
\dcoliv=\dimen156
\dcolv=\dimen157
\dcolvi=\dimen158
\dcolvii=\dimen159
\dcolviii=\dimen160
\dcolix=\dimen161
\dcolx=\dimen162
\dcolxi=\dimen163
\dcolxii=\dimen164
\dcolxiii=\dimen165
\dcolxiv=\dimen166
\dcolxv=\dimen167
\dcolxvi=\dimen168
\dcolxvii=\dimen169
\dcolxviii=\dimen170
\dcolxix=\dimen171
\dcolxx=\dimen172
\dcolxxi=\dimen173
\dcolxxii=\dimen174
\dcolxxiii=\dimen175
\dcolxxiv=\dimen176
\dcolxxv=\dimen177
\dcolxxvi=\dimen178
\dcolxxvii=\dimen179
\dcolxxviii=\dimen180
\dcolxxix=\dimen181
\dcolxxx=\dimen182
\dcolerr=\dimen183
\edtabcolsep=\skip263
\edfilldimen=\dimen184
\c@addcolcount=\count182
\HILFSskip=\skip264
\Hilfsskip=\skip265
\tabhilfbox=\box35
\tabHilfbox=\box36
)
\Aprevpage@num=\count183
\Bprevpage@num=\count184

(/usr/local/texlive/2015/texmf-dist/tex/latex/polyglossia/polyglossia.sty
Package: polyglossia 2015/08/06 v1.42.0 Alternative to Babel for XeLaTeX and Lu
aLaTeX

(/usr/local/texlive/2015/texmf-dist/tex/latex/makecmds/makecmds.sty
Package: makecmds 2009/09/03 v1.0a extra command making commands
)
(/usr/local/texlive/2015/texmf-dist/tex/latex/fontspec/fontspec.sty
Package: fontspec 2015/09/24 v2.4e Font selection for XeLaTeX and LuaLaTeX

(/usr/local/texlive/2015/texmf-dist/tex/latex/l3kernel/expl3.sty
Package: expl3 2015/11/04 v6224 L3 programming layer (loader) 

(/usr/local/texlive/2015/texmf-dist/tex/latex/l3kernel/expl3-code.tex
Package: expl3 2015/11/04 v6224 L3 programming layer (code) 
L3 Module: l3bootstrap 2015/10/18 v6213 L3 Bootstrap code
L3 Module: l3names 2015/11/03 v6220 L3 Namespace for primitives
L3 Module: l3basics 2015/09/22 v6033 L3 Basic definitions
L3 Module: l3expan 2015/09/10 v5983 L3 Argument expansion
L3 Module: l3tl 2015/09/29 v6121 L3 Token lists
L3 Module: l3str 2015/09/20 v6021 L3 Strings
L3 Module: l3seq 2015/08/05 v5777 L3 Sequences and stacks
L3 Module: l3int 2015/09/25 v6089 L3 Integers
\c_max_int=\count185
\l_tmpa_int=\count186
\l_tmpb_int=\count187
\g_tmpa_int=\count188
\g_tmpb_int=\count189
L3 Module: l3quark 2015/08/17 v5855 L3 Quarks
L3 Module: l3prg 2015/11/01 v6216 L3 Control structures
\g__prg_map_int=\count190
L3 Module: l3clist 2015/09/02 v5901 L3 Comma separated lists
L3 Module: l3token 2015/09/28 v6114 L3 Experimental token manipulation
L3 Module: l3prop 2015/08/05 v5777 L3 Property lists
L3 Module: l3msg 2015/09/28 v6113 L3 Messages
L3 Module: l3file 2015/09/23 v6037 L3 File and I/O operations
\l_iow_line_count_int=\count191
\l__iow_target_count_int=\count192
\l__iow_current_line_int=\count193
\l__iow_current_word_int=\count194
\l__iow_current_indentation_int=\count266
L3 Module: l3skip 2015/09/25 v6089 L3 Dimensions and skips
\c_zero_dim=\dimen185
\c_max_dim=\dimen186
\l_tmpa_dim=\dimen187
\l_tmpb_dim=\dimen188
\g_tmpa_dim=\dimen189
\g_tmpb_dim=\dimen190
\c_zero_skip=\skip266
\c_max_skip=\skip267
\l_tmpa_skip=\skip268
\l_tmpb_skip=\skip269
\g_tmpa_skip=\skip270
\g_tmpb_skip=\skip271
\c_zero_muskip=\muskip10
\c_max_muskip=\muskip11
\l_tmpa_muskip=\muskip12
\l_tmpb_muskip=\muskip13
\g_tmpa_muskip=\muskip14
\g_tmpb_muskip=\muskip15
L3 Module: l3keys 2015/09/23 v6037 L3 Key-value interfaces
\g__keyval_level_int=\count267
\l_keys_choice_int=\count268
L3 Module: l3fp 2015/08/25 v5890 L3 Floating points
\c__fp_leading_shift_int=\count269
\c__fp_middle_shift_int=\count270
\c__fp_trailing_shift_int=\count271
\c__fp_big_leading_shift_int=\count272
\c__fp_big_middle_shift_int=\count273
\c__fp_big_trailing_shift_int=\count274
\c__fp_Bigg_leading_shift_int=\count275
\c__fp_Bigg_middle_shift_int=\count276
\c__fp_Bigg_trailing_shift_int=\count277
L3 Module: l3box 2015/08/09 v5822 L3 Experimental boxes
\c_empty_box=\box37
\l_tmpa_box=\box38
\l_tmpb_box=\box39
\g_tmpa_box=\box40
\g_tmpb_box=\box41
L3 Module: l3coffins 2015/08/06 v5789 L3 Coffin code layer
\l__coffin_internal_box=\box42
\l__coffin_internal_dim=\dimen191
\l__coffin_offset_x_dim=\dimen192
\l__coffin_offset_y_dim=\dimen193
\l__coffin_x_dim=\dimen194
\l__coffin_y_dim=\dimen256
\l__coffin_x_prime_dim=\dimen257
\l__coffin_y_prime_dim=\dimen258
\c_empty_coffin=\box43
\l__coffin_aligned_coffin=\box44
\l__coffin_aligned_internal_coffin=\box45
\l_tmpa_coffin=\box46
\l_tmpb_coffin=\box47
\l__coffin_display_coffin=\box48
\l__coffin_display_coord_coffin=\box49
\l__coffin_display_pole_coffin=\box50
\l__coffin_display_offset_dim=\dimen259
\l__coffin_display_x_dim=\dimen260
\l__coffin_display_y_dim=\dimen261
L3 Module: l3color 2014/08/23 v5354 L3 Experimental color support
L3 Module: l3candidates 2015/11/01 v6216 L3 Experimental additions to l3kernel
\l__box_top_dim=\dimen262
\l__box_bottom_dim=\dimen263
\l__box_left_dim=\dimen264
\l__box_right_dim=\dimen265
\l__box_top_new_dim=\dimen266
\l__box_bottom_new_dim=\dimen267
\l__box_left_new_dim=\dimen268
\l__box_right_new_dim=\dimen269
\l__box_internal_box=\box51
\l__coffin_bounding_shift_dim=\dimen270
\l__coffin_left_corner_dim=\dimen271
\l__coffin_right_corner_dim=\dimen272
\l__coffin_bottom_corner_dim=\dimen273
\l__coffin_top_corner_dim=\dimen274
\l__coffin_scaled_total_height_dim=\dimen275
\l__coffin_scaled_width_dim=\dimen276
L3 Module: l3sys 2015/09/25 v6087 L3 Experimental system/runtime functions
L3 Module: l3luatex 2015/09/10 v5983 L3 Experimental LuaTeX-specific functions
)
(/usr/local/texlive/2015/texmf-dist/tex/latex/l3kernel/l3unicode-data.def
File: l3unicode-data.def 2015/07/20 v5676 L3 Unicode data
)
(/usr/local/texlive/2015/texmf-dist/tex/latex/l3kernel/l3xdvipdfmx.def
File: l3xdvidpfmx.def 2015/09/10 v5983 L3 Experimental driver: xdvipdfmx
))
(/usr/local/texlive/2015/texmf-dist/tex/latex/l3packages/xparse/xparse.sty
Package: xparse 2015/11/04 v6224 L3 Experimental document command parser
\l__xparse_current_arg_int=\count278
\l__xparse_m_args_int=\count279
\l__xparse_mandatory_args_int=\count280
\l__xparse_processor_int=\count281
\l__xparse_v_nesting_int=\count282
)
\l_fontspec_script_int=\count283
\l_fontspec_language_int=\count284
\l_fontspec_strnum_int=\count285
\l__fontspec_tmpa_dim=\dimen277
\l__fontspec_tmpb_dim=\dimen278
\l__fontspec_tmpc_dim=\dimen279

(/usr/local/texlive/2015/texmf-dist/tex/latex/fontspec/fontspec-patches.sty
Package: fontspec-patches 2015/09/24 v2.4e Font selection for XeLaTeX and LuaLa
TeX
LaTeX Info: Redefining \em on input line 49.
LaTeX Info: Redefining \emph on input line 57.
LaTeX Info: Redefining \- on input line 60.
.................................................
. LaTeX info: "xparse/redefine-command"
. 
. Redefining command \oldstylenums with sig. 'm' on line 155.
.................................................
.................................................
. LaTeX info: "xparse/define-command"
. 
. Defining command \liningnums with sig. 'm' on line 159.
.................................................
)
(/usr/local/texlive/2015/texmf-dist/tex/latex/fontspec/fontspec-xetex.sty
Package: fontspec-xetex 2015/09/24 v2.4e Font selection for XeLaTeX and LuaLaTe
X

(/usr/local/texlive/2015/texmf-dist/tex/latex/base/fontenc.sty
Package: fontenc 2005/09/27 v1.99g Standard LaTeX package

(/usr/local/texlive/2015/texmf-dist/tex/latex/euenc/eu1enc.def
File: eu1enc.def 2010/05/27 v0.1h Experimental Unicode font encodings
)
LaTeX Font Info:    Try loading font information for EU1+lmr on input line 105.


(/usr/local/texlive/2015/texmf-dist/tex/latex/euenc/eu1lmr.fd
File: eu1lmr.fd 2009/10/30 v1.6 Font defs for Latin Modern
))
(/usr/local/texlive/2015/texmf-dist/tex/xelatex/xunicode/xunicode.sty
File: xunicode.sty 2011/09/09 v0.981 provides access to latin accents and many 
other characters in Unicode lower plane

(/usr/local/texlive/2015/texmf-dist/tex/latex/tipa/t3enc.def
File: t3enc.def 2001/12/31 T3 encoding
LaTeX Font Info:    Try loading font information for EU1+lmss on input line 357
.

(/usr/local/texlive/2015/texmf-dist/tex/latex/euenc/eu1lmss.fd
File: eu1lmss.fd 2009/10/30 v1.6 Font defs for Latin Modern
))
\tipaTiiicode=\count286
\tipasavetokens=\toks30
\tipachecktokens=\toks31

(/usr/local/texlive/2015/texmf-dist/tex/latex/graphics/graphicx.sty
Package: graphicx 2014/10/28 v1.0g Enhanced LaTeX Graphics (DPC,SPQR)

(/usr/local/texlive/2015/texmf-dist/tex/latex/graphics/graphics.sty
Package: graphics 2014/10/28 v1.0p Standard LaTeX Graphics (DPC,SPQR)

(/usr/local/texlive/2015/texmf-dist/tex/latex/graphics/trig.sty
Package: trig 1999/03/16 v1.09 sin cos tan (DPC)
)
(/usr/local/texlive/2015/texmf-dist/tex/latex/latexconfig/graphics.cfg
File: graphics.cfg 2010/04/23 v1.9 graphics configuration of TeX Live
)
Package graphics Info: Driver file: xetex.def on input line 94.

(/usr/local/texlive/2015/texmf-dist/tex/xelatex/xetex-def/xetex.def
File: xetex.def 2015/09/11 v4.06 LaTeX color/graphics driver for XeTeX (TeX Liv
e/RRM/JK)

(/usr/local/texlive/2015/texmf-dist/tex/generic/oberdiek/infwarerr.sty
Package: infwarerr 2010/04/08 v1.3 Providing info/warning/error messages (HO)
)
(/usr/local/texlive/2015/texmf-dist/tex/generic/oberdiek/ltxcmds.sty
Package: ltxcmds 2011/11/09 v1.22 LaTeX kernel commands for general use (HO)
)))
\Gin@req@height=\dimen280
\Gin@req@width=\dimen281
))
.................................................
. LaTeX info: "xparse/define-command"
. 
. Defining command \__fontspec_post_arg:w with sig. 'mmO{}' on line 42.
.................................................
.................................................
. LaTeX info: "xparse/define-command"
. 
. Defining command \fontspec with sig. 'om' on line 44.
.................................................
.................................................
. LaTeX info: "xparse/define-command"
. 
. Defining command \setmainfont with sig. 'om' on line 54.
.................................................
.................................................
. LaTeX info: "xparse/define-command"
. 
. Defining command \setsansfont with sig. 'om' on line 64.
.................................................
.................................................
. LaTeX info: "xparse/define-command"
. 
. Defining command \setmonofont with sig. 'om' on line 74.
.................................................
.................................................
. LaTeX info: "xparse/define-command"
. 
. Defining command \setmathrm with sig. 'om' on line 88.
.................................................
.................................................
. LaTeX info: "xparse/define-command"
. 
. Defining command \setboldmathrm with sig. 'om' on line 96.
.................................................
.................................................
. LaTeX info: "xparse/define-command"
. 
. Defining command \setmathsf with sig. 'om' on line 104.
.................................................
.................................................
. LaTeX info: "xparse/define-command"
. 
. Defining command \setmathtt with sig. 'om' on line 112.
.................................................
.................................................
. LaTeX info: "xparse/define-command"
. 
. Defining command \newfontfamily with sig. 'mom' on line 126.
.................................................
.................................................
. LaTeX info: "xparse/define-command"
. 
. Defining command \newfontface with sig. 'mom' on line 141.
.................................................
.................................................
. LaTeX info: "xparse/define-command"
. 
. Defining command \defaultfontfeatures with sig. 't+om' on line 155.
.................................................
.................................................
. LaTeX info: "xparse/define-command"
. 
. Defining command \addfontfeatures with sig. 'm' on line 210.
.................................................
.................................................
. LaTeX info: "xparse/define-command"
. 
. Defining command \newfontfeature with sig. 'mm' on line 221.
.................................................
.................................................
. LaTeX info: "xparse/define-command"
. 
. Defining command \newAATfeature with sig. 'mmmm' on line 229.
.................................................
.................................................
. LaTeX info: "xparse/define-command"
. 
. Defining command \newopentypefeature with sig. 'mmm' on line 237.
.................................................
.................................................
. LaTeX info: "xparse/define-command"
. 
. Defining command \aliasfontfeature with sig. 'mm' on line 258.
.................................................
.................................................
. LaTeX info: "xparse/define-command"
. 
. Defining command \aliasfontfeatureoption with sig. 'mmm' on line 267.
.................................................
.................................................
. LaTeX info: "xparse/define-command"
. 
. Defining command \newfontscript with sig. 'mm' on line 272.
.................................................
.................................................
. LaTeX info: "xparse/define-command"
. 
. Defining command \newfontlanguage with sig. 'mm' on line 298.
.................................................
.................................................
. LaTeX info: "xparse/define-command"
. 
. Defining command \DeclareFontsExtensions with sig. 'm' on line 318.
.................................................
\l__fontspec_tmp_int=\count287
LaTeX Info: Redefining \itshape on input line 2227.
LaTeX Info: Redefining \slshape on input line 2232.
LaTeX Info: Redefining \scshape on input line 2237.
LaTeX Info: Redefining \upshape on input line 2242.

(/usr/local/texlive/2015/texmf-dist/tex/latex/fontspec/fontspec.cfg)))
\xpg@normalclass=\XeTeXcharclass4
)
(/usr/local/texlive/2015/texmf-dist/tex/latex/libertine/libertineotf.sty
Package: libertineotf 2012/11/19 (Bob Tennent) Compatibility style file for Lin
ux Libertine and Biolinum.


Package libertineotf Warning: *********************************************
(libertineotf)                The libertine package provides partial 
(libertineotf)                compatibility with the original libertineotf 
(libertineotf)                package for legacy documents; for new 
(libertineotf)                documents, please use `libertine' directly: 
(libertineotf)                    \usepackage{libertine}. 
(libertineotf)                The original libertineotf package is 
(libertineotf)                available from CTAN. 
(libertineotf)                **********************************************.

(/usr/local/texlive/2015/texmf-dist/tex/latex/libertine/libertine.sty
Package: libertine 2014/11/25 (Bob Tennent) Supports Libertine and Biolinum fon
ts for all LaTeX engines.

(/usr/local/texlive/2015/texmf-dist/tex/latex/base/textcomp.sty
Package: textcomp 2005/09/27 v1.99g Standard LaTeX package
Package textcomp Info: Sub-encoding information:
(textcomp)               5 = only ISO-Adobe without \textcurrency
(textcomp)               4 = 5 + \texteuro
(textcomp)               3 = 4 + \textohm
(textcomp)               2 = 3 + \textestimated + \textcurrency
(textcomp)               1 = TS1 - \textcircled - \t
(textcomp)               0 = TS1 (full)
(textcomp)             Font families with sub-encoding setting implement
(textcomp)             only a restricted character set as indicated.
(textcomp)             Family '?' is the default used for unknown fonts.
(textcomp)             See the documentation for details.
Package textcomp Info: Setting ? sub-encoding to TS1/1 on input line 79.

(/usr/local/texlive/2015/texmf-dist/tex/latex/base/ts1enc.def
File: ts1enc.def 2001/06/05 v3.0e (jk/car/fm) Standard LaTeX file
)
LaTeX Info: Redefining \oldstylenums on input line 334.
Package textcomp Info: Setting cmr sub-encoding to TS1/0 on input line 349.
Package textcomp Info: Setting cmss sub-encoding to TS1/0 on input line 350.
Package textcomp Info: Setting cmtt sub-encoding to TS1/0 on input line 351.
Package textcomp Info: Setting cmvtt sub-encoding to TS1/0 on input line 352.
Package textcomp Info: Setting cmbr sub-encoding to TS1/0 on input line 353.
Package textcomp Info: Setting cmtl sub-encoding to TS1/0 on input line 354.
Package textcomp Info: Setting ccr sub-encoding to TS1/0 on input line 355.
Package textcomp Info: Setting ptm sub-encoding to TS1/4 on input line 356.
Package textcomp Info: Setting pcr sub-encoding to TS1/4 on input line 357.
Package textcomp Info: Setting phv sub-encoding to TS1/4 on input line 358.
Package textcomp Info: Setting ppl sub-encoding to TS1/3 on input line 359.
Package textcomp Info: Setting pag sub-encoding to TS1/4 on input line 360.
Package textcomp Info: Setting pbk sub-encoding to TS1/4 on input line 361.
Package textcomp Info: Setting pnc sub-encoding to TS1/4 on input line 362.
Package textcomp Info: Setting pzc sub-encoding to TS1/4 on input line 363.
Package textcomp Info: Setting bch sub-encoding to TS1/4 on input line 364.
Package textcomp Info: Setting put sub-encoding to TS1/5 on input line 365.
Package textcomp Info: Setting uag sub-encoding to TS1/5 on input line 366.
Package textcomp Info: Setting ugq sub-encoding to TS1/5 on input line 367.
Package textcomp Info: Setting ul8 sub-encoding to TS1/4 on input line 368.
Package textcomp Info: Setting ul9 sub-encoding to TS1/4 on input line 369.
Package textcomp Info: Setting augie sub-encoding to TS1/5 on input line 370.
Package textcomp Info: Setting dayrom sub-encoding to TS1/3 on input line 371.
Package textcomp Info: Setting dayroms sub-encoding to TS1/3 on input line 372.

Package textcomp Info: Setting pxr sub-encoding to TS1/0 on input line 373.
Package textcomp Info: Setting pxss sub-encoding to TS1/0 on input line 374.
Package textcomp Info: Setting pxtt sub-encoding to TS1/0 on input line 375.
Package textcomp Info: Setting txr sub-encoding to TS1/0 on input line 376.
Package textcomp Info: Setting txss sub-encoding to TS1/0 on input line 377.
Package textcomp Info: Setting txtt sub-encoding to TS1/0 on input line 378.
Package textcomp Info: Setting lmr sub-encoding to TS1/0 on input line 379.
Package textcomp Info: Setting lmdh sub-encoding to TS1/0 on input line 380.
Package textcomp Info: Setting lmss sub-encoding to TS1/0 on input line 381.
Package textcomp Info: Setting lmssq sub-encoding to TS1/0 on input line 382.
Package textcomp Info: Setting lmvtt sub-encoding to TS1/0 on input line 383.
Package textcomp Info: Setting lmtt sub-encoding to TS1/0 on input line 384.
Package textcomp Info: Setting qhv sub-encoding to TS1/0 on input line 385.
Package textcomp Info: Setting qag sub-encoding to TS1/0 on input line 386.
Package textcomp Info: Setting qbk sub-encoding to TS1/0 on input line 387.
Package textcomp Info: Setting qcr sub-encoding to TS1/0 on input line 388.
Package textcomp Info: Setting qcs sub-encoding to TS1/0 on input line 389.
Package textcomp Info: Setting qpl sub-encoding to TS1/0 on input line 390.
Package textcomp Info: Setting qtm sub-encoding to TS1/0 on input line 391.
Package textcomp Info: Setting qzc sub-encoding to TS1/0 on input line 392.
Package textcomp Info: Setting qhvc sub-encoding to TS1/0 on input line 393.
Package textcomp Info: Setting futs sub-encoding to TS1/4 on input line 394.
Package textcomp Info: Setting futx sub-encoding to TS1/4 on input line 395.
Package textcomp Info: Setting futj sub-encoding to TS1/4 on input line 396.
Package textcomp Info: Setting hlh sub-encoding to TS1/3 on input line 397.
Package textcomp Info: Setting hls sub-encoding to TS1/3 on input line 398.
Package textcomp Info: Setting hlst sub-encoding to TS1/3 on input line 399.
Package textcomp Info: Setting hlct sub-encoding to TS1/5 on input line 400.
Package textcomp Info: Setting hlx sub-encoding to TS1/5 on input line 401.
Package textcomp Info: Setting hlce sub-encoding to TS1/5 on input line 402.
Package textcomp Info: Setting hlcn sub-encoding to TS1/5 on input line 403.
Package textcomp Info: Setting hlcw sub-encoding to TS1/5 on input line 404.
Package textcomp Info: Setting hlcf sub-encoding to TS1/5 on input line 405.
Package textcomp Info: Setting pplx sub-encoding to TS1/3 on input line 406.
Package textcomp Info: Setting pplj sub-encoding to TS1/3 on input line 407.
Package textcomp Info: Setting ptmx sub-encoding to TS1/4 on input line 408.
Package textcomp Info: Setting ptmj sub-encoding to TS1/4 on input line 409.
)
\g__file_internal_ior=\read3
Requested font "[LinLibertine_R.otf]/OT" at 10.0pt
 -> /usr/local/texlive/2015/texmf-dist/fonts/opentype/public/libertine/LinLiber
tine_R.otf
\g__fontspec_family_LinLibertine_int=\count288
Requested font "[lmroman10-regular]:mapping=tex-text" at 10.95pt
 -> /usr/local/texlive/2015/texmf-dist/fonts/opentype/public/lm/lmroman10-regul
ar.otf
Requested font "[LinLibertine_RB.otf]/OT" at 10.0pt
 -> /usr/local/texlive/2015/texmf-dist/fonts/opentype/public/libertine/LinLiber
tine_RB.otf
Requested font "[LinLibertine_RI.otf]/OT" at 10.0pt
 -> /usr/local/texlive/2015/texmf-dist/fonts/opentype/public/libertine/LinLiber
tine_RI.otf
Requested font "[LinLibertine_RBI.otf]/OT" at 10.0pt
 -> /usr/local/texlive/2015/texmf-dist/fonts/opentype/public/libertine/LinLiber
tine_RBI.otf
.................................................
. fontspec info: "defining-font"
. 
. Font family 'LinLibertine(0)' created for font 'LinLibertine' with options
. [Ligatures = TeX,Extension =
. .otf,SmallCapsFeatures={Letters=SmallCaps},Ligatures=TeX,Numbers =
. {Monospaced,Lining},UprightFont = *_R,ItalicFont = *_RI,BoldFont =
. *_RB,BoldItalicFont = *_RBI].
. 
. This font family consists of the following shapes:
. 
. * 'normal' with NFSS spec.:
. 
. <->"[LinLibertine_R.otf]/OT:script=latn;language=DFLT;mapping=tex-text;mappin
g=tex-text;+tnum;+lnum;"
. 
. * 'small caps' with NFSS spec.:
. 
. <->"[LinLibertine_R.otf]/OT:script=latn;language=DFLT;mapping=tex-text;mappin
g=tex-text;+tnum;+lnum;+smcp;+smcp;"
. and font adjustment code:
. 
. 
. * 'bold' with NFSS spec.:
. 
. <->"[LinLibertine_RB.otf]/OT:script=latn;language=DFLT;mapping=tex-text;mappi
ng=tex-text;+tnum;+lnum;"
. 
. * 'bold small caps' with NFSS spec.:
. 
. <->"[LinLibertine_RB.otf]/OT:script=latn;language=DFLT;mapping=tex-text;mappi
ng=tex-text;+tnum;+lnum;+smcp;+smcp;"
. and font adjustment code:
. 
. 
. * 'italic' with NFSS spec.:
. 
. <->"[LinLibertine_RI.otf]/OT:script=latn;language=DFLT;mapping=tex-text;mappi
ng=tex-text;+tnum;+lnum;"
. 
. * 'small caps' with NFSS spec.:
. 
. <->"[LinLibertine_RI.otf]/OT:script=latn;language=DFLT;mapping=tex-text;mappi
ng=tex-text;+tnum;+lnum;+smcp;+smcp;"
. and font adjustment code:
. 
. 
. * 'bold italic' with NFSS spec.:
. 
. <->"[LinLibertine_RBI.otf]/OT:script=latn;language=DFLT;mapping=tex-text;mapp
ing=tex-text;+tnum;+lnum;"
. 
. * 'bold small caps' with NFSS spec.:
. 
. <->"[LinLibertine_RBI.otf]/OT:script=latn;language=DFLT;mapping=tex-text;mapp
ing=tex-text;+tnum;+lnum;+smcp;+smcp;"
. and font adjustment code:
. 
.................................................
Requested font "[LinLibertine_R.otf]/OT:script=latn;language=DFLT;mapping=tex-t
ext;mapping=tex-text;+tnum;+lnum;" at 10.0pt
 -> /usr/local/texlive/2015/texmf-dist/fonts/opentype/public/libertine/LinLiber
tine_R.otf
Requested font "[LinBiolinum_R.otf]/OT" at 10.0pt
 -> /usr/local/texlive/2015/texmf-dist/fonts/opentype/public/libertine/LinBioli
num_R.otf
\g__fontspec_family_LinBiolinum_int=\count289
Requested font "[LinLibertine_R.otf]/OT:script=latn;language=DFLT;mapping=tex-t
ext;mapping=tex-text;+tnum;+lnum;" at 10.95pt
 -> /usr/local/texlive/2015/texmf-dist/fonts/opentype/public/libertine/LinLiber
tine_R.otf
Requested font "[LinBiolinum_RB.otf]/OT" at 10.0pt
 -> /usr/local/texlive/2015/texmf-dist/fonts/opentype/public/libertine/LinBioli
num_RB.otf
Requested font "[LinBiolinum_RI.otf]/OT" at 10.0pt
 -> /usr/local/texlive/2015/texmf-dist/fonts/opentype/public/libertine/LinBioli
num_RI.otf
Requested font "[LinBiolinum_RBO.otf]/OT" at 10.0pt
 -> /usr/local/texlive/2015/texmf-dist/fonts/opentype/public/libertine/LinBioli
num_RBO.otf
.................................................
. fontspec info: "defining-font"
. 
. Font family 'LinBiolinum(0)' created for font 'LinBiolinum' with options
. [Ligatures = TeX,Extension =
. .otf,SmallCapsFeatures={Letters=SmallCaps},Ligatures=TeX,Numbers =
. {Monospaced, },Scale = 1,UprightFont = *_R,ItalicFont = *_RI,BoldFont =
. *_RB,BoldItalicFont = *_RBO].
. 
. This font family consists of the following shapes:
. 
. * 'normal' with NFSS spec.:
. 
. <->s*[1]"[LinBiolinum_R.otf]/OT:script=latn;language=DFLT;mapping=tex-text;ma
pping=tex-text;+tnum;"
. 
. * 'small caps' with NFSS spec.:
. 
. <->s*[1]"[LinBiolinum_R.otf]/OT:script=latn;language=DFLT;mapping=tex-text;ma
pping=tex-text;+tnum;+smcp;+smcp;"
. and font adjustment code:
. 
. 
. * 'bold' with NFSS spec.:
. 
. <->s*[1]"[LinBiolinum_RB.otf]/OT:script=latn;language=DFLT;mapping=tex-text;m
apping=tex-text;+tnum;"
. 
. * 'bold small caps' with NFSS spec.:
. 
. <->s*[1]"[LinBiolinum_RB.otf]/OT:script=latn;language=DFLT;mapping=tex-text;m
apping=tex-text;+tnum;+smcp;+smcp;"
. and font adjustment code:
. 
. 
. * 'italic' with NFSS spec.:
. 
. <->s*[1]"[LinBiolinum_RI.otf]/OT:script=latn;language=DFLT;mapping=tex-text;m
apping=tex-text;+tnum;"
. 
. * 'small caps' with NFSS spec.:
. 
. <->s*[1]"[LinBiolinum_RI.otf]/OT:script=latn;language=DFLT;mapping=tex-text;m
apping=tex-text;+tnum;+smcp;+smcp;"
. and font adjustment code:
. 
. 
. * 'bold italic' with NFSS spec.:
. 
. <->s*[1]"[LinBiolinum_RBO.otf]/OT:script=latn;language=DFLT;mapping=tex-text;
mapping=tex-text;+tnum;"
. 
. * 'bold small caps' with NFSS spec.:
. 
. <->s*[1]"[LinBiolinum_RBO.otf]/OT:script=latn;language=DFLT;mapping=tex-text;
mapping=tex-text;+tnum;+smcp;+smcp;"
. and font adjustment code:
. 
.................................................
.................................................
. fontspec info: "defining-font"
. 
. Font family 'LinLibertine(1)' created for font 'LinLibertine' with options
. [Ligatures = TeX,Extension =
. .otf,SmallCapsFeatures={Letters=SmallCaps},Numbers =
. {Monospaced,Lining},UprightFont = *_R,ItalicFont = *_RI,BoldFont =
. *_RB,BoldItalicFont = *_RBI].
. 
. This font family consists of the following shapes:
. 
. * 'normal' with NFSS spec.:
. 
. <->"[LinLibertine_R.otf]/OT:script=latn;language=DFLT;mapping=tex-text;+tnum;
+lnum;"
. 
. * 'small caps' with NFSS spec.:
. 
. <->"[LinLibertine_R.otf]/OT:script=latn;language=DFLT;mapping=tex-text;+tnum;
+lnum;+smcp;+smcp;"
. and font adjustment code:
. 
. 
. * 'bold' with NFSS spec.:
. 
. <->"[LinLibertine_RB.otf]/OT:script=latn;language=DFLT;mapping=tex-text;+tnum
;+lnum;"
. 
. * 'bold small caps' with NFSS spec.:
. 
. <->"[LinLibertine_RB.otf]/OT:script=latn;language=DFLT;mapping=tex-text;+tnum
;+lnum;+smcp;+smcp;"
. and font adjustment code:
. 
. 
. * 'italic' with NFSS spec.:
. 
. <->"[LinLibertine_RI.otf]/OT:script=latn;language=DFLT;mapping=tex-text;+tnum
;+lnum;"
. 
. * 'small caps' with NFSS spec.:
. 
. <->"[LinLibertine_RI.otf]/OT:script=latn;language=DFLT;mapping=tex-text;+tnum
;+lnum;+smcp;+smcp;"
. and font adjustment code:
. 
. 
. * 'bold italic' with NFSS spec.:
. 
. <->"[LinLibertine_RBI.otf]/OT:script=latn;language=DFLT;mapping=tex-text;+tnu
m;+lnum;"
. 
. * 'bold small caps' with NFSS spec.:
. 
. <->"[LinLibertine_RBI.otf]/OT:script=latn;language=DFLT;mapping=tex-text;+tnu
m;+lnum;+smcp;+smcp;"
. and font adjustment code:
. 
.................................................
Requested font "[LinLibertine_RZ.otf]/OT" at 10.0pt
 -> /usr/local/texlive/2015/texmf-dist/fonts/opentype/public/libertine/LinLiber
tine_RZ.otf
Requested font "[LinLibertine_RZI.otf]/OT" at 10.0pt
 -> /usr/local/texlive/2015/texmf-dist/fonts/opentype/public/libertine/LinLiber
tine_RZI.otf

*************************************************
* fontspec warning: "icu-feature-not-exist-in-font"
* 
* OpenType feature 'Numbers=Monospaced,Lining' (+tnum) not available for font
* 'LinLibertine_RZI' with script 'Latin' and language 'Default'.
*************************************************
*************************************************
* fontspec warning: "icu-feature-not-exist-in-font"
* 
* OpenType feature 'Numbers=Monospaced,Lining' (+tnum) not available for font
* 'LinLibertine_RZI' with script 'Latin' and language 'Default'.
*************************************************
.................................................
. fontspec info: "defining-font"
. 
. Font family 'LinLibertine(2)' created for font 'LinLibertine' with options
. [Ligatures = TeX,Extension =
. .otf,SmallCapsFeatures={Letters=SmallCaps},Numbers =
. {Monospaced,Lining},UprightFont = *_RZ,ItalicFont = *_RZI,BoldFont =
. *_RB,BoldItalicFont = *_RBI].
. 
. This font family consists of the following shapes:
. 
. * 'normal' with NFSS spec.:
. 
. <->"[LinLibertine_RZ.otf]/OT:script=latn;language=DFLT;mapping=tex-text;+tnum
;+lnum;"
. 
. * 'small caps' with NFSS spec.:
. 
. <->"[LinLibertine_RZ.otf]/OT:script=latn;language=DFLT;mapping=tex-text;+tnum
;+lnum;+smcp;+smcp;"
. and font adjustment code:
. 
. 
. * 'bold' with NFSS spec.:
. 
. <->"[LinLibertine_RB.otf]/OT:script=latn;language=DFLT;mapping=tex-text;+tnum
;+lnum;"
. 
. * 'bold small caps' with NFSS spec.:
. 
. <->"[LinLibertine_RB.otf]/OT:script=latn;language=DFLT;mapping=tex-text;+tnum
;+lnum;+smcp;+smcp;"
. and font adjustment code:
. 
. 
. * 'italic' with NFSS spec.:
. 
. <->"[LinLibertine_RZI.otf]/OT:script=latn;language=DFLT;mapping=tex-text;+lnu
m;"
. 
. * 'small caps' with NFSS spec.:
. 
. <->"[LinLibertine_RZI.otf]/OT:script=latn;language=DFLT;mapping=tex-text;+lnu
m;+smcp;+smcp;"
. and font adjustment code:
. 
. 
. * 'bold italic' with NFSS spec.:
. 
. <->"[LinLibertine_RBI.otf]/OT:script=latn;language=DFLT;mapping=tex-text;+tnu
m;+lnum;"
. 
. * 'bold small caps' with NFSS spec.:
. 
. <->"[LinLibertine_RBI.otf]/OT:script=latn;language=DFLT;mapping=tex-text;+tnu
m;+lnum;+smcp;+smcp;"
. and font adjustment code:
. 
.................................................
.................................................
. fontspec info: "defining-font"
. 
. Font family 'LinLibertine(3)' created for font 'LinLibertine' with options
. [Ligatures = TeX,Extension =
. .otf,SmallCapsFeatures={Letters=SmallCaps},Numbers =
. {Monospaced,OldStyle},UprightFont = *_R,ItalicFont = *_RI,BoldFont =
. *_RB,BoldItalicFont = *_RBI].
. 
. This font family consists of the following shapes:
. 
. * 'normal' with NFSS spec.:
. 
. <->"[LinLibertine_R.otf]/OT:script=latn;language=DFLT;mapping=tex-text;+tnum;
+onum;"
. 
. * 'small caps' with NFSS spec.:
. 
. <->"[LinLibertine_R.otf]/OT:script=latn;language=DFLT;mapping=tex-text;+tnum;
+onum;+smcp;+smcp;"
. and font adjustment code:
. 
. 
. * 'bold' with NFSS spec.:
. 
. <->"[LinLibertine_RB.otf]/OT:script=latn;language=DFLT;mapping=tex-text;+tnum
;+onum;"
. 
. * 'bold small caps' with NFSS spec.:
. 
. <->"[LinLibertine_RB.otf]/OT:script=latn;language=DFLT;mapping=tex-text;+tnum
;+onum;+smcp;+smcp;"
. and font adjustment code:
. 
. 
. * 'italic' with NFSS spec.:
. 
. <->"[LinLibertine_RI.otf]/OT:script=latn;language=DFLT;mapping=tex-text;+tnum
;+onum;"
. 
. * 'small caps' with NFSS spec.:
. 
. <->"[LinLibertine_RI.otf]/OT:script=latn;language=DFLT;mapping=tex-text;+tnum
;+onum;+smcp;+smcp;"
. and font adjustment code:
. 
. 
. * 'bold italic' with NFSS spec.:
. 
. <->"[LinLibertine_RBI.otf]/OT:script=latn;language=DFLT;mapping=tex-text;+tnu
m;+onum;"
. 
. * 'bold small caps' with NFSS spec.:
. 
. <->"[LinLibertine_RBI.otf]/OT:script=latn;language=DFLT;mapping=tex-text;+tnu
m;+onum;+smcp;+smcp;"
. and font adjustment code:
. 
.................................................
Requested font "[LinLibertine_DR.otf]/OT" at 10.0pt
 -> /usr/local/texlive/2015/texmf-dist/fonts/opentype/public/libertine/LinLiber
tine_DR.otf
.................................................
. fontspec info: "defining-font"
. 
. Font family 'LinLibertine(4)' created for font 'LinLibertine' with options
. [Ligatures = TeX,Extension =
. .otf,SmallCapsFeatures={Letters=SmallCaps},Numbers =
. {Monospaced,Lining},UprightFont = *_DR,ItalicFont = *_RI,BoldFont =
. *_RB,BoldItalicFont = *_RBI].
. 
. This font family consists of the following shapes:
. 
. * 'normal' with NFSS spec.:
. 
. <->"[LinLibertine_DR.otf]/OT:script=latn;language=DFLT;mapping=tex-text;+tnum
;+lnum;"
. 
. * 'small caps' with NFSS spec.:
. 
. and font adjustment code:
. 
. 
. * 'bold' with NFSS spec.:
. 
. <->"[LinLibertine_RB.otf]/OT:script=latn;language=DFLT;mapping=tex-text;+tnum
;+lnum;"
. 
. * 'bold small caps' with NFSS spec.:
. 
. <->"[LinLibertine_RB.otf]/OT:script=latn;language=DFLT;mapping=tex-text;+tnum
;+lnum;+smcp;+smcp;"
. and font adjustment code:
. 
. 
. * 'italic' with NFSS spec.:
. 
. <->"[LinLibertine_RI.otf]/OT:script=latn;language=DFLT;mapping=tex-text;+tnum
;+lnum;"
. 
. * 'small caps' with NFSS spec.:
. 
. <->"[LinLibertine_RI.otf]/OT:script=latn;language=DFLT;mapping=tex-text;+tnum
;+lnum;+smcp;+smcp;"
. and font adjustment code:
. 
. 
. * 'bold italic' with NFSS spec.:
. 
. <->"[LinLibertine_RBI.otf]/OT:script=latn;language=DFLT;mapping=tex-text;+tnu
m;+lnum;"
. 
. * 'bold small caps' with NFSS spec.:
. 
. <->"[LinLibertine_RBI.otf]/OT:script=latn;language=DFLT;mapping=tex-text;+tnu
m;+lnum;+smcp;+smcp;"
. and font adjustment code:
. 
.................................................
.................................................
. fontspec info: "defining-font"
. 
. Font family 'LinBiolinum(1)' created for font 'LinBiolinum' with options
. [Ligatures = TeX,Extension =
. .otf,SmallCapsFeatures={Letters=SmallCaps},Numbers = {Monospaced, },Scale =
. 1,UprightFont = *_R,ItalicFont = *_RI,BoldFont = *_RB,BoldItalicFont =
. *_RBO].
. 
. This font family consists of the following shapes:
. 
. * 'normal' with NFSS spec.:
. 
. <->s*[1]"[LinBiolinum_R.otf]/OT:script=latn;language=DFLT;mapping=tex-text;+t
num;"
. 
. * 'small caps' with NFSS spec.:
. 
. <->s*[1]"[LinBiolinum_R.otf]/OT:script=latn;language=DFLT;mapping=tex-text;+t
num;+smcp;+smcp;"
. and font adjustment code:
. 
. 
. * 'bold' with NFSS spec.:
. 
. <->s*[1]"[LinBiolinum_RB.otf]/OT:script=latn;language=DFLT;mapping=tex-text;+
tnum;"
. 
. * 'bold small caps' with NFSS spec.:
. 
. <->s*[1]"[LinBiolinum_RB.otf]/OT:script=latn;language=DFLT;mapping=tex-text;+
tnum;+smcp;+smcp;"
. and font adjustment code:
. 
. 
. * 'italic' with NFSS spec.:
. 
. <->s*[1]"[LinBiolinum_RI.otf]/OT:script=latn;language=DFLT;mapping=tex-text;+
tnum;"
. 
. * 'small caps' with NFSS spec.:
. 
. <->s*[1]"[LinBiolinum_RI.otf]/OT:script=latn;language=DFLT;mapping=tex-text;+
tnum;+smcp;+smcp;"
. and font adjustment code:
. 
. 
. * 'bold italic' with NFSS spec.:
. 
. <->s*[1]"[LinBiolinum_RBO.otf]/OT:script=latn;language=DFLT;mapping=tex-text;
+tnum;"
. 
. * 'bold small caps' with NFSS spec.:
. 
. <->s*[1]"[LinBiolinum_RBO.otf]/OT:script=latn;language=DFLT;mapping=tex-text;
+tnum;+smcp;+smcp;"
. and font adjustment code:
. 
.................................................
.................................................
. fontspec info: "defining-font"
. 
. Font family 'LinBiolinum(2)' created for font 'LinBiolinum' with options
. [Ligatures = TeX,Extension =
. .otf,SmallCapsFeatures={Letters=SmallCaps},Numbers = {Monospaced,
. OldStyle},Scale = 1,UprightFont = *_R,ItalicFont = *_RI,BoldFont =
. *_RB,BoldItalicFont = *_RBO].
. 
. This font family consists of the following shapes:
. 
. * 'normal' with NFSS spec.:
. 
. <->s*[1]"[LinBiolinum_R.otf]/OT:script=latn;language=DFLT;mapping=tex-text;+t
num;+onum;"
. 
. * 'small caps' with NFSS spec.:
. 
. <->s*[1]"[LinBiolinum_R.otf]/OT:script=latn;language=DFLT;mapping=tex-text;+t
num;+onum;+smcp;+smcp;"
. and font adjustment code:
. 
. 
. * 'bold' with NFSS spec.:
. 
. <->s*[1]"[LinBiolinum_RB.otf]/OT:script=latn;language=DFLT;mapping=tex-text;+
tnum;+onum;"
. 
. * 'bold small caps' with NFSS spec.:
. 
. <->s*[1]"[LinBiolinum_RB.otf]/OT:script=latn;language=DFLT;mapping=tex-text;+
tnum;+onum;+smcp;+smcp;"
. and font adjustment code:
. 
. 
. * 'italic' with NFSS spec.:
. 
. <->s*[1]"[LinBiolinum_RI.otf]/OT:script=latn;language=DFLT;mapping=tex-text;+
tnum;+onum;"
. 
. * 'small caps' with NFSS spec.:
. 
. <->s*[1]"[LinBiolinum_RI.otf]/OT:script=latn;language=DFLT;mapping=tex-text;+
tnum;+onum;+smcp;+smcp;"
. and font adjustment code:
. 
. 
. * 'bold italic' with NFSS spec.:
. 
. <->s*[1]"[LinBiolinum_RBO.otf]/OT:script=latn;language=DFLT;mapping=tex-text;
+tnum;+onum;"
. 
. * 'bold small caps' with NFSS spec.:
. 
. <->s*[1]"[LinBiolinum_RBO.otf]/OT:script=latn;language=DFLT;mapping=tex-text;
+tnum;+onum;+smcp;+smcp;"
. and font adjustment code:
. 
.................................................
.................................................
. fontspec info: "defining-font"
. 
. Font family 'LinBiolinum(3)' created for font 'LinBiolinum' with options
. [Ligatures = TeX,Extension =
. .otf,SmallCapsFeatures={Letters=SmallCaps},Numbers = {Monospaced},Scale =
. 1,UprightFont = *_R,ItalicFont = *_RI,BoldFont = *_RB,BoldItalicFont =
. *_RBO].
. 
. This font family consists of the following shapes:
. 
. * 'normal' with NFSS spec.:
. 
. <->s*[1]"[LinBiolinum_R.otf]/OT:script=latn;language=DFLT;mapping=tex-text;+t
num;"
. 
. * 'small caps' with NFSS spec.:
. 
. <->s*[1]"[LinBiolinum_R.otf]/OT:script=latn;language=DFLT;mapping=tex-text;+t
num;+smcp;+smcp;"
. and font adjustment code:
. 
. 
. * 'bold' with NFSS spec.:
. 
. <->s*[1]"[LinBiolinum_RB.otf]/OT:script=latn;language=DFLT;mapping=tex-text;+
tnum;"
. 
. * 'bold small caps' with NFSS spec.:
. 
. <->s*[1]"[LinBiolinum_RB.otf]/OT:script=latn;language=DFLT;mapping=tex-text;+
tnum;+smcp;+smcp;"
. and font adjustment code:
. 
. 
. * 'italic' with NFSS spec.:
. 
. <->s*[1]"[LinBiolinum_RI.otf]/OT:script=latn;language=DFLT;mapping=tex-text;+
tnum;"
. 
. * 'small caps' with NFSS spec.:
. 
. <->s*[1]"[LinBiolinum_RI.otf]/OT:script=latn;language=DFLT;mapping=tex-text;+
tnum;+smcp;+smcp;"
. and font adjustment code:
. 
. 
. * 'bold italic' with NFSS spec.:
. 
. <->s*[1]"[LinBiolinum_RBO.otf]/OT:script=latn;language=DFLT;mapping=tex-text;
+tnum;"
. 
. * 'bold small caps' with NFSS spec.:
. 
. <->s*[1]"[LinBiolinum_RBO.otf]/OT:script=latn;language=DFLT;mapping=tex-text;
+tnum;+smcp;+smcp;"
. and font adjustment code:
. 
.................................................
Requested font "[LinLibertine_M.otf]/OT" at 10.0pt
 -> /usr/local/texlive/2015/texmf-dist/fonts/opentype/public/libertine/LinLiber
tine_M.otf
Requested font "[LinLibertine_MB.otf]/OT" at 10.0pt
 -> /usr/local/texlive/2015/texmf-dist/fonts/opentype/public/libertine/LinLiber
tine_MB.otf
Requested font "[LinLibertine_MO.otf]/OT" at 10.0pt
 -> /usr/local/texlive/2015/texmf-dist/fonts/opentype/public/libertine/LinLiber
tine_MO.otf
Requested font "[LinLibertine_MBO.otf]/OT" at 10.0pt
 -> /usr/local/texlive/2015/texmf-dist/fonts/opentype/public/libertine/LinLiber
tine_MBO.otf
.................................................
. fontspec info: "defining-font"
. 
. Font family 'LinLibertine(5)' created for font 'LinLibertine' with options
. [Extension = .otf,WordSpace={1,0,0},PunctuationSpace=WordSpace,Scale =
. 1,UprightFont = *_M,ItalicFont = *_MO,BoldFont = *_MB,BoldItalicFont =
. *_MBO].
. 
. This font family consists of the following shapes:
. 
. * 'normal' with NFSS spec.:
. <->s*[1]"[LinLibertine_M.otf]/OT:script=latn;language=DFLT;"
. 
. * 'small caps' with NFSS spec.:
. 
. and font adjustment code:
. \fontdimen 2\font =1\fontdimen 2\font \fontdimen 3\font =0\fontdimen 3\font
. \fontdimen 4\font =0\fontdimen 4\font \fontdimen 7\font =0\fontdimen 2\font 
. 
. * 'bold' with NFSS spec.:
. <->s*[1]"[LinLibertine_MB.otf]/OT:script=latn;language=DFLT;"
. 
. * 'bold small caps' with NFSS spec.:
. 
. and font adjustment code:
. \fontdimen 2\font =1\fontdimen 2\font \fontdimen 3\font =0\fontdimen 3\font
. \fontdimen 4\font =0\fontdimen 4\font \fontdimen 7\font =0\fontdimen 2\font 
. 
. * 'italic' with NFSS spec.:
. <->s*[1]"[LinLibertine_MO.otf]/OT:script=latn;language=DFLT;"
. 
. * 'small caps' with NFSS spec.:
. 
. and font adjustment code:
. \fontdimen 2\font =1\fontdimen 2\font \fontdimen 3\font =0\fontdimen 3\font
. \fontdimen 4\font =0\fontdimen 4\font \fontdimen 7\font =0\fontdimen 2\font 
. 
. * 'bold italic' with NFSS spec.:
. <->s*[1]"[LinLibertine_MBO.otf]/OT:script=latn;language=DFLT;"
. 
. * 'bold small caps' with NFSS spec.:
. 
. and font adjustment code:
. \fontdimen 2\font =1\fontdimen 2\font \fontdimen 3\font =0\fontdimen 3\font
. \fontdimen 4\font =0\fontdimen 4\font \fontdimen 7\font =0\fontdimen 2\font 
.................................................
.................................................
. fontspec info: "defining-font"
. 
. Font family 'LinLibertine(6)' created for font 'LinLibertine' with options
. [Extension = .otf,Scale = 1,UprightFont = *_M,ItalicFont = *_MO,BoldFont =
. *_MB,BoldItalicFont = *_MBO].
. 
. This font family consists of the following shapes:
. 
. * 'normal' with NFSS spec.:
. <->s*[1]"[LinLibertine_M.otf]/OT:script=latn;language=DFLT;"
. 
. * 'small caps' with NFSS spec.:
. 
. and font adjustment code:
. 
. 
. * 'bold' with NFSS spec.:
. <->s*[1]"[LinLibertine_MB.otf]/OT:script=latn;language=DFLT;"
. 
. * 'bold small caps' with NFSS spec.:
. 
. and font adjustment code:
. 
. 
. * 'italic' with NFSS spec.:
. <->s*[1]"[LinLibertine_MO.otf]/OT:script=latn;language=DFLT;"
. 
. * 'small caps' with NFSS spec.:
. 
. and font adjustment code:
. 
. 
. * 'bold italic' with NFSS spec.:
. <->s*[1]"[LinLibertine_MBO.otf]/OT:script=latn;language=DFLT;"
. 
. * 'bold small caps' with NFSS spec.:
. 
. and font adjustment code:
. 
.................................................
Requested font "[LinBiolinum_K.otf]/OT" at 10.0pt
 -> /usr/local/texlive/2015/texmf-dist/fonts/opentype/public/libertine/LinBioli
num_K.otf
\g__fontspec_family_LinBiolinum_K_int=\count290
.................................................
. fontspec info: "defining-font"
. 
. Font family 'LinBiolinum_K(0)' created for font 'LinBiolinum_K' with options
. [Extension = .otf,BoldFont={},ItalicFont={},SmallCapsFont={}].
. 
. This font family consists of the following shapes:
. 
. * 'normal' with NFSS spec.:
. <->"[LinBiolinum_K.otf]/OT:script=latn;language=DFLT;"
. 
. * 'small caps' with NFSS spec.:
. 
. and font adjustment code:
. 
.................................................
Requested font "[LinLibertine_I.otf]/OT" at 10.0pt
 -> /usr/local/texlive/2015/texmf-dist/fonts/opentype/public/libertine/LinLiber
tine_I.otf
\g__fontspec_family_LinLibertine_I_int=\count291
.................................................
. fontspec info: "defining-font"
. 
. Font family 'LinLibertine_I(0)' created for font 'LinLibertine_I' with
. options [Extension = .otf,BoldFont={},ItalicFont={},SmallCapsFont={}].
. 
. This font family consists of the following shapes:
. 
. * 'normal' with NFSS spec.:
. <->"[LinLibertine_I.otf]/OT:script=latn;language=DFLT;"
. 
. * 'small caps' with NFSS spec.:
. 
. and font adjustment code:
. 
.................................................
LaTeX Info: Redefining \oldstylenums on input line 458.
LaTeX Info: Redefining \liningnums on input line 459.
.................................................
. fontspec info: "defining-font"
. 
. Font family 'LinLibertine(7)' created for font 'LinLibertine' with options
. [Extension = .otf,Numbers = {Monospaced,Lining},UprightFont = *_R,ItalicFont
. = *_RI,BoldFont = *_RB,BoldItalicFont = *_RBI].
. 
. This font family consists of the following shapes:
. 
. * 'normal' with NFSS spec.:
. <->"[LinLibertine_R.otf]/OT:script=latn;language=DFLT;+tnum;+lnum;"
. 
. * 'small caps' with NFSS spec.:
. <->"[LinLibertine_R.otf]/OT:script=latn;language=DFLT;+tnum;+lnum;+smcp;"
. and font adjustment code:
. 
. 
. * 'bold' with NFSS spec.:
. <->"[LinLibertine_RB.otf]/OT:script=latn;language=DFLT;+tnum;+lnum;"
. 
. * 'bold small caps' with NFSS spec.:
. <->"[LinLibertine_RB.otf]/OT:script=latn;language=DFLT;+tnum;+lnum;+smcp;"
. and font adjustment code:
. 
. 
. * 'italic' with NFSS spec.:
. <->"[LinLibertine_RI.otf]/OT:script=latn;language=DFLT;+tnum;+lnum;"
. 
. * 'small caps' with NFSS spec.:
. <->"[LinLibertine_RI.otf]/OT:script=latn;language=DFLT;+tnum;+lnum;+smcp;"
. and font adjustment code:
. 
. 
. * 'bold italic' with NFSS spec.:
. <->"[LinLibertine_RBI.otf]/OT:script=latn;language=DFLT;+tnum;+lnum;"
. 
. * 'bold small caps' with NFSS spec.:
. <->"[LinLibertine_RBI.otf]/OT:script=latn;language=DFLT;+tnum;+lnum;+smcp;"
. and font adjustment code:
. 
.................................................
.................................................
. fontspec info: "defining-font"
. 
. Font family 'LinLibertine(8)' created for font 'LinLibertine' with options
. [Extension = .otf,Numbers = {Proportional,Lining},UprightFont =
. *_R,ItalicFont = *_RI,BoldFont = *_RB,BoldItalicFont = *_RBI].
. 
. This font family consists of the following shapes:
. 
. * 'normal' with NFSS spec.:
. <->"[LinLibertine_R.otf]/OT:script=latn;language=DFLT;+pnum;+lnum;"
. 
. * 'small caps' with NFSS spec.:
. <->"[LinLibertine_R.otf]/OT:script=latn;language=DFLT;+pnum;+lnum;+smcp;"
. and font adjustment code:
. 
. 
. * 'bold' with NFSS spec.:
. <->"[LinLibertine_RB.otf]/OT:script=latn;language=DFLT;+pnum;+lnum;"
. 
. * 'bold small caps' with NFSS spec.:
. <->"[LinLibertine_RB.otf]/OT:script=latn;language=DFLT;+pnum;+lnum;+smcp;"
. and font adjustment code:
. 
. 
. * 'italic' with NFSS spec.:
. <->"[LinLibertine_RI.otf]/OT:script=latn;language=DFLT;+pnum;+lnum;"
. 
. * 'small caps' with NFSS spec.:
. <->"[LinLibertine_RI.otf]/OT:script=latn;language=DFLT;+pnum;+lnum;+smcp;"
. and font adjustment code:
. 
. 
. * 'bold italic' with NFSS spec.:
. <->"[LinLibertine_RBI.otf]/OT:script=latn;language=DFLT;+pnum;+lnum;"
. 
. * 'bold small caps' with NFSS spec.:
. <->"[LinLibertine_RBI.otf]/OT:script=latn;language=DFLT;+pnum;+lnum;+smcp;"
. and font adjustment code:
. 
.................................................
.................................................
. fontspec info: "defining-font"
. 
. Font family 'LinBiolinum(4)' created for font 'LinBiolinum' with options
. [Extension = .otf,Numbers = {Monospaced,},Scale = 1,UprightFont =
. *_R,ItalicFont = *_RI,BoldFont = *_RB,BoldItalicFont = *_RBO].
. 
. This font family consists of the following shapes:
. 
. * 'normal' with NFSS spec.:
. <->s*[1]"[LinBiolinum_R.otf]/OT:script=latn;language=DFLT;+tnum;"
. 
. * 'small caps' with NFSS spec.:
. <->s*[1]"[LinBiolinum_R.otf]/OT:script=latn;language=DFLT;+tnum;+smcp;"
. and font adjustment code:
. 
. 
. * 'bold' with NFSS spec.:
. <->s*[1]"[LinBiolinum_RB.otf]/OT:script=latn;language=DFLT;+tnum;"
. 
. * 'bold small caps' with NFSS spec.:
. <->s*[1]"[LinBiolinum_RB.otf]/OT:script=latn;language=DFLT;+tnum;+smcp;"
. and font adjustment code:
. 
. 
. * 'italic' with NFSS spec.:
. <->s*[1]"[LinBiolinum_RI.otf]/OT:script=latn;language=DFLT;+tnum;"
. 
. * 'small caps' with NFSS spec.:
. <->s*[1]"[LinBiolinum_RI.otf]/OT:script=latn;language=DFLT;+tnum;+smcp;"
. and font adjustment code:
. 
. 
. * 'bold italic' with NFSS spec.:
. <->s*[1]"[LinBiolinum_RBO.otf]/OT:script=latn;language=DFLT;+tnum;"
. 
. * 'bold small caps' with NFSS spec.:
. <->s*[1]"[LinBiolinum_RBO.otf]/OT:script=latn;language=DFLT;+tnum;+smcp;"
. and font adjustment code:
. 
.................................................
.................................................
. fontspec info: "defining-font"
. 
. Font family 'LinBiolinum(5)' created for font 'LinBiolinum' with options
. [Extension = .otf,Numbers = {Proportional,},Scale = 1,UprightFont =
. *_R,ItalicFont = *_RI,BoldFont = *_RB,BoldItalicFont = *_RBO].
. 
. This font family consists of the following shapes:
. 
. * 'normal' with NFSS spec.:
. <->s*[1]"[LinBiolinum_R.otf]/OT:script=latn;language=DFLT;+pnum;"
. 
. * 'small caps' with NFSS spec.:
. <->s*[1]"[LinBiolinum_R.otf]/OT:script=latn;language=DFLT;+pnum;+smcp;"
. and font adjustment code:
. 
. 
. * 'bold' with NFSS spec.:
. <->s*[1]"[LinBiolinum_RB.otf]/OT:script=latn;language=DFLT;+pnum;"
. 
. * 'bold small caps' with NFSS spec.:
. <->s*[1]"[LinBiolinum_RB.otf]/OT:script=latn;language=DFLT;+pnum;+smcp;"
. and font adjustment code:
. 
. 
. * 'italic' with NFSS spec.:
. <->s*[1]"[LinBiolinum_RI.otf]/OT:script=latn;language=DFLT;+pnum;"
. 
. * 'small caps' with NFSS spec.:
. <->s*[1]"[LinBiolinum_RI.otf]/OT:script=latn;language=DFLT;+pnum;+smcp;"
. and font adjustment code:
. 
. 
. * 'bold italic' with NFSS spec.:
. <->s*[1]"[LinBiolinum_RBO.otf]/OT:script=latn;language=DFLT;+pnum;"
. 
. * 'bold small caps' with NFSS spec.:
. <->s*[1]"[LinBiolinum_RBO.otf]/OT:script=latn;language=DFLT;+pnum;+smcp;"
. and font adjustment code:
. 
.................................................
(/usr/local/texlive/2015/texmf-dist/tex/latex/libertine/LinLibertine_R.tex)
(/usr/local/texlive/2015/texmf-dist/tex/latex/libertine/LinBiolinum_R.tex)
(/usr/local/texlive/2015/texmf-dist/tex/latex/libertine/LinBiolinum_K.tex)
(/usr/local/texlive/2015/texmf-dist/tex/latex/libertine/LinLibertine_I.tex)
(/usr/local/texlive/2015/texmf-dist/tex/latex/libertine/LKey.tex)))
(/usr/local/texlive/2015/texmf-dist/tex/latex/polyglossia/gloss-english.ldf
File: gloss-english.ldf polyglossia: module for english
)
Package polyglossia Info: Default language is english.

(/usr/local/texlive/2015/texmf-dist/tex/latex/polyglossia/gloss-sanskrit.ldf
File: gloss-sanskrit.ldf polyglossia: module for sanskrit

(/usr/local/texlive/2015/texmf-dist/tex/latex/polyglossia/devanagaridigits.sty
Package: devanagaridigits 2010/04/01 v0.1 Formatting of Devanagari digits
)
Package polyglossia Info: Skipping automatic font setup for language sanskrit.
\sanskrit@punctthin=\XeTeXcharclass5
)
Requested font "Adobe Text Pro" at 10.0pt
 -> /home/enjotel/.local/share/fonts/Adobe-Text-Pro_2050.ttf
Requested font "Adobe Text Pro/OT" at 10.0pt
 -> /home/enjotel/.local/share/fonts/Adobe-Text-Pro_2050.ttf
\g__fontspec_family_AdobeTextPro_int=\count292
Requested font "Adobe Text Pro/BI/OT" at 10.0pt
 -> /home/enjotel/.local/share/fonts/AdobeTextPro-SemiboldIt.ttf
Requested font "Adobe Text Pro/B/OT" at 10.0pt
 -> /home/enjotel/.local/share/fonts/AdobeTextPro-Semibold.ttf
Requested font "Adobe Text Pro/I/OT" at 10.0pt
 -> /home/enjotel/.local/share/fonts/AdobeTextPro-It.ttf
Requested font "Adobe Text Pro/B/OT" at 10.0pt
 -> /home/enjotel/.local/share/fonts/AdobeTextPro-Semibold.ttf
Requested font "Adobe Text Pro/B/OT" at 10.0pt
 -> /home/enjotel/.local/share/fonts/AdobeTextPro-Semibold.ttf
Requested font "Adobe Text Pro/I/OT" at 10.0pt
 -> /home/enjotel/.local/share/fonts/AdobeTextPro-It.ttf
Requested font "Adobe Text Pro/I/OT" at 10.0pt
 -> /home/enjotel/.local/share/fonts/AdobeTextPro-It.ttf
Requested font "Adobe Text Pro/BI/OT" at 10.0pt
 -> /home/enjotel/.local/share/fonts/AdobeTextPro-SemiboldIt.ttf
Requested font "Adobe Text Pro/BI/OT" at 10.0pt
 -> /home/enjotel/.local/share/fonts/AdobeTextPro-SemiboldIt.ttf
.................................................
. fontspec info: "defining-font"
. 
. Font family 'AdobeTextPro(0)' created for font 'Adobe Text Pro' with options
. [Ligatures=TeX].
. 
. This font family consists of the following shapes:
. 
. * 'normal' with NFSS spec.:
. <->"Adobe Text Pro/OT:script=latn;language=DFLT;mapping=tex-text;"
. 
. * 'small caps' with NFSS spec.:
. <->"Adobe Text Pro/OT:script=latn;language=DFLT;mapping=tex-text;+smcp;"
. and font adjustment code:
. 
. 
. * 'bold' with NFSS spec.:
. <->"Adobe Text Pro/B/OT:script=latn;language=DFLT;mapping=tex-text;"
. 
. * 'bold small caps' with NFSS spec.:
. <->"Adobe Text Pro/B/OT:script=latn;language=DFLT;mapping=tex-text;+smcp;"
. and font adjustment code:
. 
. 
. * 'italic' with NFSS spec.:
. <->"Adobe Text Pro/I/OT:script=latn;language=DFLT;mapping=tex-text;"
. 
. * 'small caps' with NFSS spec.:
. 
. and font adjustment code:
. 
. 
. * 'bold italic' with NFSS spec.:
. <->"Adobe Text Pro/BI/OT:script=latn;language=DFLT;mapping=tex-text;"
. 
. * 'bold small caps' with NFSS spec.:
. 
. and font adjustment code:
. 
.................................................
Requested font "Adobe Text Pro/OT:script=latn;language=DFLT;mapping=tex-text;" 
at 10.0pt
 -> /home/enjotel/.local/share/fonts/Adobe-Text-Pro_2050.ttf
Requested font "Murty Sanskrit/OT" at 10.0pt
 -> /home/enjotel/.local/share/fonts/Murty-Sanskrit-1.00.otf
\g__fontspec_family_MurtySanskrit_int=\count293
Requested font "Murty Sanskrit/BI/OT" at 10.0pt
 -> /home/enjotel/.local/share/fonts/Murty-Sanskrit-1.00.otf
.................................................
. fontspec info: "no-font-shape"
. 
. Could not resolve font Murty Sanskrit/BI (it probably doesn't exist).
.................................................
Requested font "Murty Sanskrit/B/OT" at 10.0pt
 -> /home/enjotel/.local/share/fonts/Murty-Sanskrit-1.00.otf
.................................................
. fontspec info: "no-font-shape"
. 
. Could not resolve font Murty Sanskrit/B (it probably doesn't exist).
.................................................
Requested font "Murty Sanskrit/I/OT" at 10.0pt
 -> /home/enjotel/.local/share/fonts/Murty-Sanskrit-1.00.otf
.................................................
. fontspec info: "no-font-shape"
. 
. Could not resolve font Murty Sanskrit/I (it probably doesn't exist).
.................................................
Requested font "Adobe Text Pro/OT:script=latn;language=DFLT;mapping=tex-text;" 
at 10.95pt
 -> /home/enjotel/.local/share/fonts/Adobe-Text-Pro_2050.ttf
.................................................
. fontspec info: "defining-font"
. 
. Font family 'MurtySanskrit(0)' created for font 'Murty Sanskrit' with
. options [Script=Devanagari,Mapping=RomDev,Scale=1.2,LetterSpace=1.1].
. 
. This font family consists of the following shapes:
. 
. * 'normal' with NFSS spec.:
. <->s*[1.2]"Murty
. Sanskrit/OT:script=deva;language=DFLT;mapping=RomDev;letterspace=1.1;"
. 
. * 'small caps' with NFSS spec.:
. 
. and font adjustment code:
. 
.................................................
 (/usr/local/texlive/2015/texmf-dist/tex/latex/microtype/microtype.sty
Package: microtype 2013/05/23 v2.5a Micro-typographical refinements (RS)
\MT@toks=\toks32
\MT@count=\count294
LaTeX Info: Redefining \textls on input line 766.
\MT@outer@kern=\dimen282
LaTeX Info: Redefining \textmicrotypecontext on input line 1285.
\MT@listname@count=\count295

(/usr/local/texlive/2015/texmf-dist/tex/latex/microtype/microtype-xetex.def
File: microtype-xetex.def 2013/05/23 v2.5a Definitions specific to xetex (RS)
LaTeX Info: Redefining \lsstyle on input line 254.
)
Package microtype Info: Loading configuration file microtype.cfg.

(/usr/local/texlive/2015/texmf-dist/tex/latex/microtype/microtype.cfg
File: microtype.cfg 2013/05/23 v2.5a microtype main configuration file (RS)
))
(./Sigla-Ed.tex) (./binduyoga-edition.aux
LaTeX Font Info:    Font shape `EU1/MurtySanskrit(0)/m/n' will be
(Font)              scaled to size 11.99997pt on input line 158.
Requested font "Murty Sanskrit/OT:script=deva;language=DFLT;mapping=RomDev;lett
erspace=1.1;" at 11.99997pt
 -> /home/enjotel/.local/share/fonts/Murty-Sanskrit-1.00.otf
Requested font "Murty Sanskrit/OT:script=deva;language=DFLT;" at 10.0pt
 -> /home/enjotel/.local/share/fonts/Murty-Sanskrit-1.00.otf
)
\openout1 = `binduyoga-edition.aux'.

LaTeX Font Info:    Checking defaults for OML/cmm/m/it on input line 84.
LaTeX Font Info:    ... okay on input line 84.
LaTeX Font Info:    Checking defaults for T1/cmr/m/n on input line 84.
LaTeX Font Info:    ... okay on input line 84.
LaTeX Font Info:    Checking defaults for OT1/cmr/m/n on input line 84.
LaTeX Font Info:    ... okay on input line 84.
LaTeX Font Info:    Checking defaults for OMS/cmsy/m/n on input line 84.
LaTeX Font Info:    ... okay on input line 84.
LaTeX Font Info:    Checking defaults for OMX/cmex/m/n on input line 84.
LaTeX Font Info:    ... okay on input line 84.
LaTeX Font Info:    Checking defaults for U/cmr/m/n on input line 84.
LaTeX Font Info:    ... okay on input line 84.
LaTeX Font Info:    Checking defaults for EU1/lmr/m/n on input line 84.
LaTeX Font Info:    ... okay on input line 84.
LaTeX Font Info:    Checking defaults for T3/cmr/m/n on input line 84.
LaTeX Font Info:    Try loading font information for T3+cmr on input line 84.

(/usr/local/texlive/2015/texmf-dist/tex/latex/tipa/t3cmr.fd
File: t3cmr.fd 2001/12/31 TIPA font definitions
)
LaTeX Font Info:    ... okay on input line 84.
LaTeX Font Info:    Checking defaults for TS1/cmr/m/n on input line 84.
LaTeX Font Info:    Try loading font information for TS1+cmr on input line 84.

(/usr/local/texlive/2015/texmf-dist/tex/latex/base/ts1cmr.fd
File: ts1cmr.fd 2014/09/29 v2.5h Standard LaTeX font definitions
)
LaTeX Font Info:    ... okay on input line 84.

ABD: EverySelectfont initializing macros
LaTeX Info: Redefining \selectfont on input line 84.
.................................................
. fontspec info: "setup-math"
. 
. Adjusting the maths setup (use [no-math] to avoid this).
.................................................
\symlegacymaths=\mathgroup4
LaTeX Font Info:    Overwriting symbol font `legacymaths' in version `bold'
(Font)                  OT1/cmr/m/n --> OT1/cmr/bx/n on input line 84.
LaTeX Font Info:    Redeclaring math accent \acute on input line 84.
LaTeX Font Info:    Redeclaring math accent \grave on input line 84.
LaTeX Font Info:    Redeclaring math accent \ddot on input line 84.
LaTeX Font Info:    Redeclaring math accent \tilde on input line 84.
LaTeX Font Info:    Redeclaring math accent \bar on input line 84.
LaTeX Font Info:    Redeclaring math accent \breve on input line 84.
LaTeX Font Info:    Redeclaring math accent \check on input line 84.
LaTeX Font Info:    Redeclaring math accent \hat on input line 84.
LaTeX Font Info:    Redeclaring math accent \dot on input line 84.
LaTeX Font Info:    Redeclaring math accent \mathring on input line 84.
LaTeX Font Info:    Redeclaring math symbol \colon on input line 84.
LaTeX Font Info:    Redeclaring math symbol \Gamma on input line 84.
LaTeX Font Info:    Redeclaring math symbol \Delta on input line 84.
LaTeX Font Info:    Redeclaring math symbol \Theta on input line 84.
LaTeX Font Info:    Redeclaring math symbol \Lambda on input line 84.
LaTeX Font Info:    Redeclaring math symbol \Xi on input line 84.
LaTeX Font Info:    Redeclaring math symbol \Pi on input line 84.
LaTeX Font Info:    Redeclaring math symbol \Sigma on input line 84.
LaTeX Font Info:    Redeclaring math symbol \Upsilon on input line 84.
LaTeX Font Info:    Redeclaring math symbol \Phi on input line 84.
LaTeX Font Info:    Redeclaring math symbol \Psi on input line 84.
LaTeX Font Info:    Redeclaring math symbol \Omega on input line 84.
LaTeX Font Info:    Redeclaring math symbol \mathdollar on input line 84.
LaTeX Font Info:    Redeclaring symbol font `operators' on input line 84.
LaTeX Font Info:    Encoding `OT1' has changed to `EU1' for symbol font
(Font)              `operators' in the math version `normal' on input line 84.
LaTeX Font Info:    Overwriting symbol font `operators' in version `normal'
(Font)                  OT1/cmr/m/n --> EU1/AdobeTextPro(0)/m/n on input line 8
4.
LaTeX Font Info:    Encoding `OT1' has changed to `EU1' for symbol font
(Font)              `operators' in the math version `bold' on input line 84.
LaTeX Font Info:    Overwriting symbol font `operators' in version `bold'
(Font)                  OT1/cmr/bx/n --> EU1/AdobeTextPro(0)/m/n on input line 
84.
LaTeX Font Info:    Overwriting symbol font `operators' in version `normal'
(Font)                  EU1/AdobeTextPro(0)/m/n --> EU1/AdobeTextPro(0)/m/n on 
input line 84.
LaTeX Font Info:    Overwriting math alphabet `\mathit' in version `normal'
(Font)                  OT1/cmr/m/it --> EU1/AdobeTextPro(0)/m/it on input line
 84.
LaTeX Font Info:    Overwriting math alphabet `\mathbf' in version `normal'
(Font)                  OT1/cmr/bx/n --> EU1/AdobeTextPro(0)/bx/n on input line
 84.
LaTeX Font Info:    Overwriting math alphabet `\mathsf' in version `normal'
(Font)                  OT1/cmss/m/n --> EU1/LinBiolinum(0)/m/n on input line 8
4.
LaTeX Font Info:    Overwriting math alphabet `\mathtt' in version `normal'
(Font)                  OT1/cmtt/m/n --> EU1/LinLibertine(5)/m/n on input line 
84.
LaTeX Font Info:    Overwriting symbol font `operators' in version `bold'
(Font)                  EU1/AdobeTextPro(0)/m/n --> EU1/AdobeTextPro(0)/bx/n on
 input line 84.
LaTeX Font Info:    Overwriting math alphabet `\mathit' in version `bold'
(Font)                  OT1/cmr/bx/it --> EU1/AdobeTextPro(0)/bx/it on input li
ne 84.
LaTeX Font Info:    Overwriting math alphabet `\mathsf' in version `bold'
(Font)                  OT1/cmss/bx/n --> EU1/LinBiolinum(0)/bx/n on input line
 84.
LaTeX Font Info:    Overwriting math alphabet `\mathtt' in version `bold'
(Font)                  OT1/cmtt/m/n --> EU1/LinLibertine(5)/bx/n on input line
 84.
LaTeX Info: Redefining \microtypecontext on input line 84.
Package microtype Info: Character protrusion enabled (level 2).
Package microtype Info: Using default protrusion set `alltext'.
Package microtype Info: No adjustment of tracking.
Package microtype Info: No adjustment of spacing.
Package microtype Info: No adjustment of kerning.
Package microtype Info: Loading generic settings for font family
(microtype)             `AdobeTextPro' (encoding: EU1).
(microtype)             For optimal results, create family-specific settings.
(microtype)             See the microtype manual for details.
Requested font "Adobe Text Pro/OT:script=latn;language=DFLT;mapping=tex-text;" 
at 17.28pt
 -> /home/enjotel/.local/share/fonts/Adobe-Text-Pro_2050.ttf
Requested font "Adobe Text Pro/B/OT:script=latn;language=DFLT;mapping=tex-text;
" at 17.28pt
 -> /home/enjotel/.local/share/fonts/AdobeTextPro-Semibold.ttf
Requested font "Adobe Text Pro/OT:script=latn;language=DFLT;mapping=tex-text;" 
at 14.4pt
 -> /home/enjotel/.local/share/fonts/Adobe-Text-Pro_2050.ttf
Requested font "Adobe Text Pro/B/OT:script=latn;language=DFLT;mapping=tex-text;
" at 14.4pt
 -> /home/enjotel/.local/share/fonts/AdobeTextPro-Semibold.ttf
Requested font "[LinLibertine_DR.otf]/OT:script=latn;language=DFLT;mapping=tex-
text;+tnum;+lnum;" at 10.95pt
 -> /usr/local/texlive/2015/texmf-dist/fonts/opentype/public/libertine/LinLiber
tine_DR.otf
Package microtype Info: Loading generic settings for font family
(microtype)             `LinLibertine' (encoding: EU1).
(microtype)             For optimal results, create family-specific settings.
(microtype)             See the microtype manual for details.
Requested font "Adobe Text Pro/OT:script=latn;language=DFLT;mapping=tex-text;" 
at 8.0pt
 -> /home/enjotel/.local/share/fonts/Adobe-Text-Pro_2050.ttf
Requested font "Adobe Text Pro/OT:script=latn;language=DFLT;mapping=tex-text;" 
at 6.0pt
 -> /home/enjotel/.local/share/fonts/Adobe-Text-Pro_2050.ttf
Requested font "cmmi10" at 10.95pt
 -> /usr/local/texlive/2015/texmf-dist/fonts/tfm/public/cm/cmmi10.tfm
Requested font "cmmi8" at 8.0pt
 -> /usr/local/texlive/2015/texmf-dist/fonts/tfm/public/cm/cmmi8.tfm
Requested font "cmmi6" at 6.0pt
 -> /usr/local/texlive/2015/texmf-dist/fonts/tfm/public/cm/cmmi6.tfm
Requested font "cmsy10" at 10.95pt
 -> /usr/local/texlive/2015/texmf-dist/fonts/tfm/public/cm/cmsy10.tfm
Requested font "cmsy8" at 8.0pt
 -> /usr/local/texlive/2015/texmf-dist/fonts/tfm/public/cm/cmsy8.tfm
Requested font "cmsy6" at 6.0pt
 -> /usr/local/texlive/2015/texmf-dist/fonts/tfm/public/cm/cmsy6.tfm
LaTeX Font Info:    External font `cmex10' loaded for size
(Font)              <10.95> on input line 88.
LaTeX Font Info:    External font `cmex10' loaded for size
(Font)              <8> on input line 88.
LaTeX Font Info:    External font `cmex10' loaded for size
(Font)              <6> on input line 88.

(/usr/local/texlive/2015/texmf-dist/tex/latex/microtype/mt-cmr.cfg
File: mt-cmr.cfg 2013/05/19 v2.2 microtype config. file: Computer Modern Roman 
(RS)
)
Requested font "cmr8" at 8.0pt
 -> /usr/local/texlive/2015/texmf-dist/fonts/tfm/public/cm/cmr8.tfm
Requested font "cmr6" at 6.0pt
 -> /usr/local/texlive/2015/texmf-dist/fonts/tfm/public/cm/cmr6.tfm
Requested font "Adobe Text Pro/I/OT:script=latn;language=DFLT;mapping=tex-text;
" at 10.95pt
 -> /home/enjotel/.local/share/fonts/AdobeTextPro-It.ttf


Class memoir Warning: The material used in the headers is too large
(13.59999pt) for the given head height (5.0pt), it is recommended to
either increase the head height or redesign the header
(in both cases you will find help in the memoir manual). on input line 106.


Overfull \vbox (8.59999pt too high) has occurred while \output is active []

LaTeX Font Info:    Font shape `EU1/LinLibertine(5)/m/n' will be
(Font)              scaled to size 10.95pt on input line 106.
Requested font "[LinLibertine_M.otf]/OT:script=latn;language=DFLT;" at 10.95pt
 -> /usr/local/texlive/2015/texmf-dist/fonts/opentype/public/libertine/LinLiber
tine_M.otf
LaTeX Font Info:    Font shape `EU1/LinLibertine(5)/m/n' will be
(Font)              scaled to size 8.03pt on input line 106.
Requested font "[LinLibertine_M.otf]/OT:script=latn;language=DFLT;" at 8.03pt
 -> /usr/local/texlive/2015/texmf-dist/fonts/opentype/public/libertine/LinLiber
tine_M.otf

[1


]
Overfull \hbox (5.47507pt too wide) in paragraph at lines 109--110
\EU1/AdobeTextPro(0)/m/n/10.95 Among the witnesses we see deviating and inconsi
stent application of \EU1/AdobeTextPro(0)/m/it/10.95 sandhi\EU1/AdobeTextPro(0)
/m/n/10.95 .
 []


Overfull \hbox (0.87828pt too wide) in paragraph at lines 113--114
\EU1/AdobeTextPro(0)/m/n/10.95 Again, due to inconsistent use of class nasals a
mong the witnesses \EU1/AdobeTextPro(0)/m/it/10.95 anusvra\EU1/AdobeTextPro(0)
/m/n/10.95 s
 []

LaTeX Font Info:    Font shape `EU1/MurtySanskrit(0)/m/n' will be
(Font)              scaled to size 13.13995pt on input line 127.
Requested font "Murty Sanskrit/OT:script=deva;language=DFLT;mapping=RomDev;lett
erspace=1.1;" at 13.13995pt
 -> /home/enjotel/.local/share/fonts/Murty-Sanskrit-1.00.otf
Package microtype Info: Loading generic settings for font family
(microtype)             `MurtySanskrit' (encoding: EU1).
(microtype)             For optimal results, create family-specific settings.
(microtype)             See the microtype manual for details.
Requested font "Murty Sanskrit/OT:script=deva;language=DFLT;" at 10.95pt
 -> /home/enjotel/.local/share/fonts/Murty-Sanskrit-1.00.otf
LaTeX Font Info:    Font shape `EU1/AdobeTextPro(0)/m/sl' in size <10.95> not a
vailable
(Font)              Font shape `EU1/AdobeTextPro(0)/m/it' tried instead on inpu
t line 127.
Requested font "Adobe Text Pro/I/OT:script=latn;language=DFLT;mapping=tex-text;
" at 10.95pt
 -> /home/enjotel/.local/share/fonts/AdobeTextPro-It.ttf

Overfull \vbox (8.59999pt too high) has occurred while \output is active []


[2]
Requested font "Adobe Text Pro/BI/OT:script=latn;language=DFLT;mapping=tex-text
;" at 17.28pt
 -> /home/enjotel/.local/share/fonts/AdobeTextPro-SemiboldIt.ttf
LaTeX Font Info:    Font shape `EU1/MurtySanskrit(0)/m/n' will be
(Font)              scaled to size 14.39996pt on input line 129.
Requested font "Murty Sanskrit/OT:script=deva;language=DFLT;mapping=RomDev;lett
erspace=1.1;" at 14.39996pt
 -> /home/enjotel/.local/share/fonts/Murty-Sanskrit-1.00.otf
 Section 1 (./binduyoga-edition.1)
\openout5 = `binduyoga-edition.1'.

LaTeX Font Info:    Font shape `EU1/MurtySanskrit(0)/m/n' will be
(Font)              scaled to size 10.79997pt on input line 136.
Requested font "Murty Sanskrit/OT:script=deva;language=DFLT;mapping=RomDev;lett
erspace=1.1;" at 10.79997pt
 -> /home/enjotel/.local/share/fonts/Murty-Sanskrit-1.00.otf
Requested font "Adobe Text Pro/OT:script=latn;language=DFLT;mapping=tex-text;" 
at 9.0pt
 -> /home/enjotel/.local/share/fonts/Adobe-Text-Pro_2050.ttf
Requested font "Murty Sanskrit/OT:script=deva;language=DFLT;" at 9.0pt
 -> /home/enjotel/.local/share/fonts/Murty-Sanskrit-1.00.otf
Requested font "[LinLibertine_DR.otf]/OT:script=latn;language=DFLT;mapping=tex-
text;+tnum;+lnum;" at 9.0pt
 -> /usr/local/texlive/2015/texmf-dist/fonts/opentype/public/libertine/LinLiber
tine_DR.otf
Requested font "Adobe Text Pro/OT:script=latn;language=DFLT;mapping=tex-text;" 
at 5.0pt
 -> /home/enjotel/.local/share/fonts/Adobe-Text-Pro_2050.ttf
Requested font "cmmi9" at 9.0pt
 -> /usr/local/texlive/2015/texmf-dist/fonts/tfm/public/cm/cmmi9.tfm
Requested font "cmsy9" at 9.0pt
 -> /usr/local/texlive/2015/texmf-dist/fonts/tfm/public/cm/cmsy9.tfm
LaTeX Font Info:    External font `cmex10' loaded for size
(Font)              <9> on input line 152.
LaTeX Font Info:    External font `cmex10' loaded for size
(Font)              <5> on input line 152.
LaTeX Font Info:    Font shape `EU1/MurtySanskrit(0)/m/n' will be
(Font)              scaled to size 7.19998pt on input line 152.
Requested font "Murty Sanskrit/OT:script=deva;language=DFLT;mapping=RomDev;lett
erspace=1.1;" at 7.19998pt
 -> /home/enjotel/.local/share/fonts/Murty-Sanskrit-1.00.otf
Requested font "Murty Sanskrit/OT:script=deva;language=DFLT;" at 6.0pt
 -> /home/enjotel/.local/share/fonts/Murty-Sanskrit-1.00.otf
Requested font "Adobe Text Pro/I/OT:script=latn;language=DFLT;mapping=tex-text;
" at 10.0pt
 -> /home/enjotel/.local/share/fonts/AdobeTextPro-It.ttf
Requested font "[LinLibertine_DR.otf]/OT:script=latn;language=DFLT;mapping=tex-
text;+tnum;+lnum;" at 10.0pt
 -> /usr/local/texlive/2015/texmf-dist/fonts/opentype/public/libertine/LinLiber
tine_DR.otf
Requested font "Adobe Text Pro/OT:script=latn;language=DFLT;mapping=tex-text;" 
at 7.0pt
 -> /home/enjotel/.local/share/fonts/Adobe-Text-Pro_2050.ttf
LaTeX Font Info:    External font `cmex10' loaded for size
(Font)              <7> on input line 196.
 [3

]
Underfull \hbox (badness 1748) has occurred while \output is active
[] \EU1/AdobeTextPro(0)/m/n/9 1 \EU1/MurtySanskrit(0)/m/n/9  ]  []
[][][][]\EU1/LinLibertine(4)/m/n/9 U[][][][]$[]$[]\EU1/MurtySanskrit(0)/m/n/9 
  [][][][][]\EU1/LinLibertine(4)/m/n/9 U[][][][]$[]$  \EU1/AdobeTextPro(0)
/m/n/9 1 \EU1/MurtySanskrit(0)/m/n/9  ]   [][][][][]\EU1/LinLibertine
(4)/m/n/9 N[][][][]$[]$[][][][]D[][][][]$[]$[]\EU1/MurtySanskrit(0)/m/n/9  
 [][][][][]\EU1/LinLibertine(4)/m/n/9 U[][][][]$[]$  \EU1/AdobeTextPro(0)/m/n/9
 2
 []


Underfull \vbox (badness 1735) has occurred while \output is active []



LaTeX Font Warning: Font shape `EU1/MurtySanskrit(0)/m/sl' undefined
(Font)              using `EU1/MurtySanskrit(0)/m/n' instead on input line 406.



Class memoir Warning: The material used in the headers is too large
(16.05054pt) for the given head height (5.0pt), it is recommended to
either increase the head height or redesign the header
(in both cases you will find help in the memoir manual). on input line 406.


Overfull \vbox (11.05054pt too high) has occurred while \output is active []


[4]
Overfull \vbox (18.17557pt too high) has occurred while \output is active []

LaTeX Font Info:    Font shape `EU1/MurtySanskrit(0)/m/sl' will be
(Font)              scaled to size 13.13995pt on input line 576.

Overfull \vbox (11.05054pt too high) has occurred while \output is active []


[5]
Overfull \hbox (1.69594pt too wide) in paragraph at lines 590--619
\EU1/MurtySanskrit(0)/m/sl/10.95  [][][]   
      [][][]   [][][]
 []


Overfull \hbox (1.69594pt too wide) detected at line 619
[]\EU1/MurtySanskrit(0)/m/sl/10.95  [][][]   
      [][][]   [][][]
 []


Underfull \hbox (badness 1077) has occurred while \output is active
[] \EU1/AdobeTextPro(0)/m/n/9 1 \EU1/MurtySanskrit(0)/m/n/9  ] 
 [][][][][]\EU1/LinLibertine(4)/m/n/9 E[][][][]$[]$[][][][]L[][]
[][]$[]$[]\EU1/MurtySanskrit(0)/m/n/9     

 []


Underfull \hbox (badness 1275) has occurred while \output is active
\EU1/MurtySanskrit(0)/m/n/9  [][][][][]\EU1/LinLibertine(4)/m/n/9 N[][][]
[]$[]$[]\EU1/MurtySanskrit(0)/m/n/9  [][][][][]\EU1/LinLibertine(4)/m/n/9
 L[][][][]$[]$[]\EU1/MurtySanskrit(0)/m/n/9  [][][][][]\EU1/LinLibertine(
4)/m/n/9 U[][][][]$[]$  \EU1/AdobeTextPro(0)/m/n/9 2 \EU1/MurtySanskrit(0)/m/n/
9  ]  [][][][][]\EU1/LinLibertine(4)/m/n/9 L[][][][]$[]$  \EU1/Ad
obeTextPro(0)/m/n/9 4 \EU1/MurtySanskrit(0)/m/n/9  
 []


Overfull \vbox (22.33492pt too high) has occurred while \output is active []


Overfull \vbox (11.05054pt too high) has occurred while \output is active []


[6]
Underfull \hbox (badness 3009) has occurred while \output is active
[] \EU1/AdobeTextPro(0)/m/n/9 1 \EU1/MurtySanskrit(0)/m/n/9  [][][][][]\E
U1/LinLibertine(4)/m/n/9 N[][][][]$[]$[][][][]D[][][][]$[]$[][][][]E[][][][]$[]
$ []\EU1/MurtySanskrit(0)/m/n/9 ]  [][][][][]\EU1/LinLibertine(4)/m/n/9 P[
][][][]$[]$[][][][]L[][][][]$[]$  \EU1/AdobeTextPro(0)/m/n/9 1 \EU1/MurtySanskr
it(0)/m/n/9  [][][][][]\EU1/LinLibertine(4)/m/n/9 N[][][][]$[]$[][][][]
D[][][][]$[]$[][][][]P[][][][]$[]$[][][][]E[][][][]$[]$ []\EU1/MurtySanskrit(0)
/m/n/9 ]  [][][][][]\EU1/LinLibertine(4)/m/n/9 L[][][][]$[]$  \EU1/AdobeT
extPro(0)/m/n/9 1 \EU1/MurtySanskrit(0)/m/n/9 
 []


Overfull \vbox (34.0166pt too high) has occurred while \output is active []


Overfull \vbox (11.05054pt too high) has occurred while \output is active []


[7]
Overfull \hbox (1.95433pt too wide) detected at line 670
[]\EU1/MurtySanskrit(0)/m/sl/10.95   [][][]   [][][]  
-
 []


Overfull \hbox (0.56284pt too wide) detected at line 703
[][]\EU1/MurtySanskrit(0)/m/sl/10.95   [][][]    
  [][][]    -
 []


Overfull \vbox (11.05054pt too high) has occurred while \output is active []


[8]
Underfull \vbox (badness 2042) has occurred while \output is active []


Overfull \vbox (11.05054pt too high) has occurred while \output is active []


[9]
LaTeX Font Info:    Font shape `EU1/MurtySanskrit(0)/m/n' will be
(Font)              scaled to size 9.59998pt on input line 872.
Requested font "Murty Sanskrit/OT:script=deva;language=DFLT;mapping=RomDev;lett
erspace=1.1;" at 9.59998pt
 -> /home/enjotel/.local/share/fonts/Murty-Sanskrit-1.00.otf
Requested font "Murty Sanskrit/OT:script=deva;language=DFLT;" at 8.0pt
 -> /home/enjotel/.local/share/fonts/Murty-Sanskrit-1.00.otf

Overfull \hbox (1.70601pt too wide) detected at line 941
[][]\EU1/MurtySanskrit(0)/m/sl/10.95    
 [][][]      -
 []


Overfull \vbox (25.4506pt too high) has occurred while \output is active []


Overfull \vbox (11.05054pt too high) has occurred while \output is active []


[10]
Overfull \vbox (26.54733pt too high) has occurred while \output is active []


Overfull \vbox (11.05054pt too high) has occurred while \output is active []


[11]
Overfull \hbox (0.88635pt too wide) has occurred while \output is active
\EU1/MurtySanskrit(0)/m/n/9  [][][][][]\EU1/LinLibertine(4)/m/n/9 E[][][]
[]$[]$[][][][]P[][][][]$[]$[][][][]N[][][][]$[]$[][][][]D[][][][]$[]$ []\EU1/Mu
rtySanskrit(0)/m/n/9 ]  [][][][][]\EU1/LinLibertine(4)/m/n/9 L[][][][]
$[]$[][][][]B[][][][]$[]$  \EU1/AdobeTextPro(0)/m/n/9 8 \EU1/MurtySanskrit(0)/m
/n/9  [][][][][]\EU1/LinLibertine(4)/m/n/9 N[][][][]$[]$
[][][][]D[][][][]$[]$ []\EU1/MurtySanskrit(0)/m/n/9 ] 
 []


Overfull \vbox (30.32594pt too high) has occurred while \output is active []


Overfull \vbox (11.05054pt too high) has occurred while \output is active []


[12]
Overfull \vbox (11.05054pt too high) has occurred while \output is active []


[13] [14


] Section 2 (./binduyoga-edition.2)
Requested font "Adobe Text Pro/I/OT:script=latn;language=DFLT;mapping=tex-text;
" at 9.0pt
 -> /home/enjotel/.local/share/fonts/AdobeTextPro-It.ttf

Overfull \vbox (8.59999pt too high) has occurred while \output is active []


[15
\openout5 = `binduyoga-edition.2'.

]
Overfull \hbox (8.38055pt too wide) in paragraph at lines 1537--1538
 \EU1/AdobeTextPro(0)/m/n/10.95 tions (\EU1/AdobeTextPro(0)/m/it/10.95 bahukriy
yog\EU1/AdobeTextPro(0)/m/n/10.95 ). Fraud, illusion, property, violence, cra
ving, envy,
 []


Overfull \vbox (8.59999pt too high) has occurred while \output is active []


[16]
Overfull \hbox (3.05731pt too wide) in paragraph at lines 1555--1556
 \EU1/AdobeTextPro(0)/m/n/10.95 and mindstuffs?!(\EU1/AdobeTextPro(0)/m/it/10.9
5 mansi\EU1/AdobeTextPro(0)/m/n/10.95 ) [symbolized by the syllables] va, 
a,
 []


Overfull \vbox (8.59999pt too high) has occurred while \output is active []


[17]
Overfull \hbox (5.78728pt too wide) in paragraph at lines 1585--1590
 []\EU1/AdobeTextPro(0)/m/n/10.95 Now (follows the description of) the fifth lo
tus having sixteen petals
 []


Overfull \vbox (8.59999pt too high) has occurred while \output is active []


[18]
Overfull \vbox (8.59999pt too high) has occurred while \output is active []


[19]

Class memoir Warning: The material used in the headers is too large
(16.05054pt) for the given head height (5.0pt), it is recommended to
either increase the head height or redesign the header
(in both cases you will find help in the memoir manual). on input line 1614.


Overfull \vbox (8.59999pt too high) has occurred while \output is active []


[20]
Overfull \vbox (8.59999pt too high) has occurred while \output is active []


[21] (./binduyoga-edition.aux)

LaTeX Font Warning: Some font shapes were not available, defaults substituted.

 ) 
Here is how much of TeX's memory you used:
 31725 strings out of 493668
 637875 string characters out of 6145662
 739381 words of memory out of 5000000
 34849 multiletter control sequences out of 15000+600000
 7958 words of font info for 88 fonts, out of 8000000 for 9000
 1328 hyphenation exceptions out of 8191
 62i,11n,70p,10432b,756s stack positions out of 5000i,500n,10000p,200000b,80000s

Output written on binduyoga-edition.pdf (21 pages).
